"C:/Users/Meyer/Desktop/Github/SuperstarMode/Superstar Mode/Content/UpdateGameTimeComponent.uasset" 0
"C:/Users/Meyer/Desktop/Github/SuperstarMode/Superstar Mode/Content/UpdateGameTimeComponent.uexp" 1
"../../../Engine/Content/Animation/DefaultAnimBoneCompressionSettings.uasset" 2
"../../../Engine/Content/Animation/DefaultAnimBoneCompressionSettings.uexp" 3
"C:/Users/Meyer/Desktop/Github/SuperstarMode/Superstar Mode/Content/Model_Assets/Chars/Freddy/RIG_Glamrock_Freddy.uasset" 4
"C:/Users/Meyer/Desktop/Github/SuperstarMode/Superstar Mode/Content/Model_Assets/Chars/Freddy/RIG_Glamrock_Freddy.uexp" 5
"C:/Users/Meyer/Desktop/Github/SuperstarMode/Superstar Mode/Content/Animations/BurnTrap/Burntrap_Death.uasset" 6
"C:/Users/Meyer/Desktop/Github/SuperstarMode/Superstar Mode/Content/Animations/BurnTrap/Burntrap_Death.uexp" 7
"C:/Users/Meyer/Desktop/Github/SuperstarMode/Superstar Mode/Content/Animations/BurnTrap/Burntrap_Run_Full.uasset" 8
"C:/Users/Meyer/Desktop/Github/SuperstarMode/Superstar Mode/Content/Animations/BurnTrap/Burntrap_Run_Full.uexp" 9
"C:/Users/Meyer/Desktop/Github/SuperstarMode/Superstar Mode/Content/Animations/Freddy/Freddy_Jumpscare.uasset" 10
"C:/Users/Meyer/Desktop/Github/SuperstarMode/Superstar Mode/Content/Animations/Freddy/Freddy_Jumpscare.uexp" 11
"C:/Users/Meyer/Desktop/Github/SuperstarMode/Superstar Mode/Content/Animations/Freddy/Freddy_Search_Table_L_Out.uasset" 12
"C:/Users/Meyer/Desktop/Github/SuperstarMode/Superstar Mode/Content/Animations/Freddy/Freddy_Search_Table_L_Out.uexp" 13
"C:/Users/Meyer/Desktop/Github/SuperstarMode/Superstar Mode/Content/Blueprints/ChestBP.uasset" 14
"C:/Users/Meyer/Desktop/Github/SuperstarMode/Superstar Mode/Content/Blueprints/ChestBP.uexp" 15
"C:/Users/Meyer/Desktop/Github/SuperstarMode/Superstar Mode/Content/Blueprints/HeartDropBP.uasset" 16
"C:/Users/Meyer/Desktop/Github/SuperstarMode/Superstar Mode/Content/Blueprints/HeartDropBP.uexp" 17
"C:/Users/Meyer/Desktop/Github/SuperstarMode/Superstar Mode/Content/Blueprints/PlayerPawn.uasset" 18
"C:/Users/Meyer/Desktop/Github/SuperstarMode/Superstar Mode/Content/Blueprints/PlayerPawn.uexp" 19
"C:/Users/Meyer/Desktop/Github/SuperstarMode/Superstar Mode/Content/Blueprints/VannyDistortionActor.uasset" 20
"C:/Users/Meyer/Desktop/Github/SuperstarMode/Superstar Mode/Content/Blueprints/VannyDistortionActor.uexp" 21
"C:/Users/Meyer/Desktop/Github/SuperstarMode/Superstar Mode/Content/Blueprints/AI/Freddy/FreddyAttackBT.uasset" 22
"C:/Users/Meyer/Desktop/Github/SuperstarMode/Superstar Mode/Content/Blueprints/AI/Freddy/FreddyAttackBT.uexp" 23
"C:/Users/Meyer/Desktop/Github/SuperstarMode/Superstar Mode/Content/Blueprints/AI/LilMusicMan/LMM_Jumpscare.uasset" 24
"C:/Users/Meyer/Desktop/Github/SuperstarMode/Superstar Mode/Content/Blueprints/AI/LilMusicMan/LMM_Jumpscare.uexp" 25
"C:/Users/Meyer/Desktop/Github/SuperstarMode/Superstar Mode/Content/Blueprints/AI/MoonMan/MoonMan_Jumpscare.uasset" 26
"C:/Users/Meyer/Desktop/Github/SuperstarMode/Superstar Mode/Content/Blueprints/AI/MoonMan/MoonMan_Jumpscare.uexp" 27
"C:/Users/Meyer/Desktop/Github/SuperstarMode/Superstar Mode/Content/Blueprints/AI/Seeker/AISeekerBT.uasset" 28
"C:/Users/Meyer/Desktop/Github/SuperstarMode/Superstar Mode/Content/Blueprints/AI/Seeker/AISeekerBT.uexp" 29
"C:/Users/Meyer/Desktop/Github/SuperstarMode/Superstar Mode/Content/Blueprints/AI/Seeker/DBG_SeekerWidget.uasset" 30
"C:/Users/Meyer/Desktop/Github/SuperstarMode/Superstar Mode/Content/Blueprints/AI/Seeker/DBG_SeekerWidget.uexp" 31
"C:/Users/Meyer/Desktop/Github/SuperstarMode/Superstar Mode/Content/Blueprints/AI/Seeker/HideSpotSearchBT.uasset" 32
"C:/Users/Meyer/Desktop/Github/SuperstarMode/Superstar Mode/Content/Blueprints/AI/Seeker/HideSpotSearchBT.uexp" 33
"C:/Users/Meyer/Desktop/Github/SuperstarMode/Superstar Mode/Content/Blueprints/AI/Seeker/BurnTrap/AISeeker_BurntrapOfficeBT.uasset" 34
"C:/Users/Meyer/Desktop/Github/SuperstarMode/Superstar Mode/Content/Blueprints/AI/Seeker/BurnTrap/AISeeker_BurntrapOfficeBT.uexp" 35
"C:/Users/Meyer/Desktop/Github/SuperstarMode/Superstar Mode/Content/Blueprints/AI/Seeker/BurnTrap/BurnTrap.uasset" 36
"C:/Users/Meyer/Desktop/Github/SuperstarMode/Superstar Mode/Content/Blueprints/AI/Seeker/BurnTrap/BurnTrap.uexp" 37
"C:/Users/Meyer/Desktop/Github/SuperstarMode/Superstar Mode/Content/Blueprints/AI/Seeker/BurnTrap/TentacleController.uasset" 38
"C:/Users/Meyer/Desktop/Github/SuperstarMode/Superstar Mode/Content/Blueprints/AI/Seeker/BurnTrap/TentacleController.uexp" 39
"C:/Users/Meyer/Desktop/Github/SuperstarMode/Superstar Mode/Content/Blueprints/AI/Seeker/Chica/AIChicaBT.uasset" 40
"C:/Users/Meyer/Desktop/Github/SuperstarMode/Superstar Mode/Content/Blueprints/AI/Seeker/Chica/AIChicaBT.uexp" 41
"C:/Users/Meyer/Desktop/Github/SuperstarMode/Superstar Mode/Content/Blueprints/AI/Seeker/Endo/EndoBT.uasset" 42
"C:/Users/Meyer/Desktop/Github/SuperstarMode/Superstar Mode/Content/Blueprints/AI/Seeker/Endo/EndoBT.uexp" 43
"C:/Users/Meyer/Desktop/Github/SuperstarMode/Superstar Mode/Content/Blueprints/AI/Seeker/Endo/EndoFreezeBT.uasset" 44
"C:/Users/Meyer/Desktop/Github/SuperstarMode/Superstar Mode/Content/Blueprints/AI/Seeker/Endo/EndoFreezeBT.uexp" 45
"C:/Users/Meyer/Desktop/Github/SuperstarMode/Superstar Mode/Content/Blueprints/AI/Seeker/Monty/MontyBoss/AIMontyBossBT.uasset" 46
"C:/Users/Meyer/Desktop/Github/SuperstarMode/Superstar Mode/Content/Blueprints/AI/Seeker/Monty/MontyBoss/AIMontyBossBT.uexp" 47
"C:/Users/Meyer/Desktop/Github/SuperstarMode/Superstar Mode/Content/Blueprints/AI/Seeker/MoonMan/MoonmanFollowSplineBT.uasset" 48
"C:/Users/Meyer/Desktop/Github/SuperstarMode/Superstar Mode/Content/Blueprints/AI/Seeker/MoonMan/MoonmanFollowSplineBT.uexp" 49
"C:/Users/Meyer/Desktop/Github/SuperstarMode/Superstar Mode/Content/Blueprints/AI/Seeker/MoonMan/MoonmanPhase1BT.uasset" 50
"C:/Users/Meyer/Desktop/Github/SuperstarMode/Superstar Mode/Content/Blueprints/AI/Seeker/MoonMan/MoonmanPhase1BT.uexp" 51
"C:/Users/Meyer/Desktop/Github/SuperstarMode/Superstar Mode/Content/Blueprints/AI/Seeker/MoonMan/MoonmanPhase2BT.uasset" 52
"C:/Users/Meyer/Desktop/Github/SuperstarMode/Superstar Mode/Content/Blueprints/AI/Seeker/MoonMan/MoonmanPhase2BT.uexp" 53
"C:/Users/Meyer/Desktop/Github/SuperstarMode/Superstar Mode/Content/Blueprints/AI/Seeker/MoonMan/Sunman.uasset" 54
"C:/Users/Meyer/Desktop/Github/SuperstarMode/Superstar Mode/Content/Blueprints/AI/Seeker/MoonMan/Sunman.uexp" 55
"C:/Users/Meyer/Desktop/Github/SuperstarMode/Superstar Mode/Content/Blueprints/AI/Seeker/TangleBlob/TangleBlob.uasset" 56
"C:/Users/Meyer/Desktop/Github/SuperstarMode/Superstar Mode/Content/Blueprints/AI/Seeker/TangleBlob/TangleBlob.uexp" 57
"C:/Users/Meyer/Desktop/Github/SuperstarMode/Superstar Mode/Content/Blueprints/AI/Seeker/Vanessa/Vanessa.uasset" 58
"C:/Users/Meyer/Desktop/Github/SuperstarMode/Superstar Mode/Content/Blueprints/AI/Seeker/Vanessa/Vanessa.uexp" 59
"C:/Users/Meyer/Desktop/Github/SuperstarMode/Superstar Mode/Content/Blueprints/AI/StaffBot/CautionBot/CautionBot.uasset" 60
"C:/Users/Meyer/Desktop/Github/SuperstarMode/Superstar Mode/Content/Blueprints/AI/StaffBot/CautionBot/CautionBot.uexp" 61
"C:/Users/Meyer/Desktop/Github/SuperstarMode/Superstar Mode/Content/Blueprints/AI/StaffBot/CautionBot/CautionBotBT.uasset" 62
"C:/Users/Meyer/Desktop/Github/SuperstarMode/Superstar Mode/Content/Blueprints/AI/StaffBot/CautionBot/CautionBotBT.uexp" 63
"C:/Users/Meyer/Desktop/Github/SuperstarMode/Superstar Mode/Content/Blueprints/AI/StaffBot/ChefBot/ChefBot.uasset" 64
"C:/Users/Meyer/Desktop/Github/SuperstarMode/Superstar Mode/Content/Blueprints/AI/StaffBot/ChefBot/ChefBot.uexp" 65
"C:/Users/Meyer/Desktop/Github/SuperstarMode/Superstar Mode/Content/Blueprints/AI/StaffBot/MapBot/MapBot.uasset" 66
"C:/Users/Meyer/Desktop/Github/SuperstarMode/Superstar Mode/Content/Blueprints/AI/StaffBot/MapBot/MapBot.uexp" 67
"C:/Users/Meyer/Desktop/Github/SuperstarMode/Superstar Mode/Content/Blueprints/AI/StaffBot/MapBot/MapBot_Warehouse.uasset" 68
"C:/Users/Meyer/Desktop/Github/SuperstarMode/Superstar Mode/Content/Blueprints/AI/StaffBot/MapBot/MapBot_Warehouse.uexp" 69
"C:/Users/Meyer/Desktop/Github/SuperstarMode/Superstar Mode/Content/Blueprints/AI/StaffBot/PartyPassBot/StaffBotPartyPass.uasset" 70
"C:/Users/Meyer/Desktop/Github/SuperstarMode/Superstar Mode/Content/Blueprints/AI/StaffBot/PartyPassBot/StaffBotPartyPass.uexp" 71
"C:/Users/Meyer/Desktop/Github/SuperstarMode/Superstar Mode/Content/Blueprints/AI/StaffBot/Racer/StaffBotRacer.uasset" 72
"C:/Users/Meyer/Desktop/Github/SuperstarMode/Superstar Mode/Content/Blueprints/AI/StaffBot/Racer/StaffBotRacer.uexp" 73
"C:/Users/Meyer/Desktop/Github/SuperstarMode/Superstar Mode/Content/Blueprints/AI/StaffBot/Security/Patrol/StaffBotSecurityPatrolBT.uasset" 74
"C:/Users/Meyer/Desktop/Github/SuperstarMode/Superstar Mode/Content/Blueprints/AI/StaffBot/Security/Patrol/StaffBotSecurityPatrolBT.uexp" 75
"C:/Users/Meyer/Desktop/Github/SuperstarMode/Superstar Mode/Content/Blueprints/AI/StaffBot/Worker/ClapBot/ClapBot.uasset" 76
"C:/Users/Meyer/Desktop/Github/SuperstarMode/Superstar Mode/Content/Blueprints/AI/StaffBot/Worker/ClapBot/ClapBot.uexp" 77
"C:/Users/Meyer/Desktop/Github/SuperstarMode/Superstar Mode/Content/Blueprints/AI/StaffBot/Worker/Entertainer/StaffBotTalent.uasset" 78
"C:/Users/Meyer/Desktop/Github/SuperstarMode/Superstar Mode/Content/Blueprints/AI/StaffBot/Worker/Entertainer/StaffBotTalent.uexp" 79
"C:/Users/Meyer/Desktop/Github/SuperstarMode/Superstar Mode/Content/Blueprints/AI/Tasks/Alert/SendAlert.uasset" 80
"C:/Users/Meyer/Desktop/Github/SuperstarMode/Superstar Mode/Content/Blueprints/AI/Tasks/Alert/SendAlert.uexp" 81
"C:/Users/Meyer/Desktop/Github/SuperstarMode/Superstar Mode/Content/Blueprints/AI/Tasks/Alert/StopAlert.uasset" 82
"C:/Users/Meyer/Desktop/Github/SuperstarMode/Superstar Mode/Content/Blueprints/AI/Tasks/Alert/StopAlert.uexp" 83
"C:/Users/Meyer/Desktop/Github/SuperstarMode/Superstar Mode/Content/Blueprints/AI/Vanny/LostAndFound/VannyLostAndFoundBT.uasset" 84
"C:/Users/Meyer/Desktop/Github/SuperstarMode/Superstar Mode/Content/Blueprints/AI/Vanny/LostAndFound/VannyLostAndFoundBT.uexp" 85
"C:/Users/Meyer/Desktop/Github/SuperstarMode/Superstar Mode/Content/Blueprints/AI/Vanny/LostAndFound/Vanny_LostAndFound.uasset" 86
"C:/Users/Meyer/Desktop/Github/SuperstarMode/Superstar Mode/Content/Blueprints/AI/Vanny/LostAndFound/Vanny_LostAndFound.uexp" 87
"C:/Users/Meyer/Desktop/Github/SuperstarMode/Superstar Mode/Content/Blueprints/Button/BasicButton.uasset" 88
"C:/Users/Meyer/Desktop/Github/SuperstarMode/Superstar Mode/Content/Blueprints/Button/BasicButton.uexp" 89
"C:/Users/Meyer/Desktop/Github/SuperstarMode/Superstar Mode/Content/Blueprints/CutSceneActors/CutSceneActor_Base.uasset" 90
"C:/Users/Meyer/Desktop/Github/SuperstarMode/Superstar Mode/Content/Blueprints/CutSceneActors/CutSceneActor_Base.uexp" 91
"C:/Users/Meyer/Desktop/Github/SuperstarMode/Superstar Mode/Content/Blueprints/CutSceneActors/CutSceneActor_Staffbot.uasset" 92
"C:/Users/Meyer/Desktop/Github/SuperstarMode/Superstar Mode/Content/Blueprints/CutSceneActors/CutSceneActor_Staffbot.uexp" 93
"C:/Users/Meyer/Desktop/Github/SuperstarMode/Superstar Mode/Content/Blueprints/CutSceneActors/CutSceneActor_Vanessa.uasset" 94
"C:/Users/Meyer/Desktop/Github/SuperstarMode/Superstar Mode/Content/Blueprints/CutSceneActors/CutSceneActor_Vanessa.uexp" 95
"C:/Users/Meyer/Desktop/Github/SuperstarMode/Superstar Mode/Content/Blueprints/FazerBlast/BP_ReturnFazerBlaster.uasset" 96
"C:/Users/Meyer/Desktop/Github/SuperstarMode/Superstar Mode/Content/Blueprints/FazerBlast/BP_ReturnFazerBlaster.uexp" 97
"C:/Users/Meyer/Desktop/Github/SuperstarMode/Superstar Mode/Content/Blueprints/FreddyUpgrades/FreddyUpgradeRequirementCoponent.uasset" 98
"C:/Users/Meyer/Desktop/Github/SuperstarMode/Superstar Mode/Content/Blueprints/FreddyUpgrades/FreddyUpgradeRequirementCoponent.uexp" 99
"C:/Users/Meyer/Desktop/Github/SuperstarMode/Superstar Mode/Content/Blueprints/MissionTriggers/FreddyFirstAidTrigger.uasset" 100
"C:/Users/Meyer/Desktop/Github/SuperstarMode/Superstar Mode/Content/Blueprints/MissionTriggers/FreddyFirstAidTrigger.uexp" 101
"C:/Users/Meyer/Desktop/Github/SuperstarMode/Superstar Mode/Content/Blueprints/System/Time/FNAFTime.uasset" 102
"C:/Users/Meyer/Desktop/Github/SuperstarMode/Superstar Mode/Content/Blueprints/System/Time/FNAFTime.uexp" 103
"C:/Users/Meyer/Desktop/Github/SuperstarMode/Superstar Mode/Content/Blueprints/System/Time/TimeCheckComponent.uasset" 104
"C:/Users/Meyer/Desktop/Github/SuperstarMode/Superstar Mode/Content/Blueprints/System/Time/TimeCheckComponent.uexp" 105
"C:/Users/Meyer/Desktop/Github/SuperstarMode/Superstar Mode/Content/Blueprints/MissionTriggers/PlaySequenceTrigger_EasterEggKitchen.uasset" 106
"C:/Users/Meyer/Desktop/Github/SuperstarMode/Superstar Mode/Content/Blueprints/MissionTriggers/PlaySequenceTrigger_EasterEggKitchen.uexp" 107
"C:/Users/Meyer/Desktop/Github/SuperstarMode/Superstar Mode/Content/Blueprints/Objects/GeneratorBase_BP.uasset" 108
"C:/Users/Meyer/Desktop/Github/SuperstarMode/Superstar Mode/Content/Blueprints/Objects/GeneratorBase_BP.uexp" 109
"C:/Users/Meyer/Desktop/Github/SuperstarMode/Superstar Mode/Content/Blueprints/Objects/LMMDestroyer.uasset" 110
"C:/Users/Meyer/Desktop/Github/SuperstarMode/Superstar Mode/Content/Blueprints/Objects/LMMDestroyer.uexp" 111
"C:/Users/Meyer/Desktop/Github/SuperstarMode/Superstar Mode/Content/Blueprints/Objects/LobbyMainEntrance.uasset" 112
"C:/Users/Meyer/Desktop/Github/SuperstarMode/Superstar Mode/Content/Blueprints/Objects/LobbyMainEntrance.uexp" 113
"C:/Users/Meyer/Desktop/Github/SuperstarMode/Superstar Mode/Content/Blueprints/Objects/Actors/MoonManSequenceActor.uasset" 114
"C:/Users/Meyer/Desktop/Github/SuperstarMode/Superstar Mode/Content/Blueprints/Objects/Actors/MoonManSequenceActor.uexp" 115
"C:/Users/Meyer/Desktop/Github/SuperstarMode/Superstar Mode/Content/Blueprints/Objects/Actors/Overtime_SaveGameActor.uasset" 116
"C:/Users/Meyer/Desktop/Github/SuperstarMode/Superstar Mode/Content/Blueprints/Objects/Actors/Overtime_SaveGameActor.uexp" 117
"C:/Users/Meyer/Desktop/Github/SuperstarMode/Superstar Mode/Content/Blueprints/Objects/Actors/SaveGameActor.uasset" 118
"C:/Users/Meyer/Desktop/Github/SuperstarMode/Superstar Mode/Content/Blueprints/Objects/Actors/SaveGameActor.uexp" 119
"C:/Users/Meyer/Desktop/Github/SuperstarMode/Superstar Mode/Content/Blueprints/Objects/BallCannon/BallCannon.uasset" 120
"C:/Users/Meyer/Desktop/Github/SuperstarMode/Superstar Mode/Content/Blueprints/Objects/BallCannon/BallCannon.uexp" 121
"C:/Users/Meyer/Desktop/Github/SuperstarMode/Superstar Mode/Content/Blueprints/Objects/BallCannon/BallCannonOffice.uasset" 122
"C:/Users/Meyer/Desktop/Github/SuperstarMode/Superstar Mode/Content/Blueprints/Objects/BallCannon/BallCannonOffice.uexp" 123
"C:/Users/Meyer/Desktop/Github/SuperstarMode/Superstar Mode/Content/Blueprints/AI/Seeker/Monty/Monty.uasset" 124
"C:/Users/Meyer/Desktop/Github/SuperstarMode/Superstar Mode/Content/Blueprints/AI/Seeker/Monty/Monty.uexp" 125
"C:/Users/Meyer/Desktop/Github/SuperstarMode/Superstar Mode/Content/Blueprints/Objects/BallCannon/MontyBossManager.uasset" 126
"C:/Users/Meyer/Desktop/Github/SuperstarMode/Superstar Mode/Content/Blueprints/Objects/BallCannon/MontyBossManager.uexp" 127
"C:/Users/Meyer/Desktop/Github/SuperstarMode/Superstar Mode/Content/Blueprints/Objects/Collectibles/BackstagePass.uasset" 128
"C:/Users/Meyer/Desktop/Github/SuperstarMode/Superstar Mode/Content/Blueprints/Objects/Collectibles/BackstagePass.uexp" 129
"C:/Users/Meyer/Desktop/Github/SuperstarMode/Superstar Mode/Content/Blueprints/Objects/Collectibles/Collectible.uasset" 130
"C:/Users/Meyer/Desktop/Github/SuperstarMode/Superstar Mode/Content/Blueprints/Objects/Collectibles/Collectible.uexp" 131
"C:/Users/Meyer/Desktop/Github/SuperstarMode/Superstar Mode/Content/Blueprints/Objects/Collectibles/FlashBeaconCollect.uasset" 132
"C:/Users/Meyer/Desktop/Github/SuperstarMode/Superstar Mode/Content/Blueprints/Objects/Collectibles/FlashBeaconCollect.uexp" 133
"C:/Users/Meyer/Desktop/Github/SuperstarMode/Superstar Mode/Content/Blueprints/Objects/Collectibles/LaserGunCollectible.uasset" 134
"C:/Users/Meyer/Desktop/Github/SuperstarMode/Superstar Mode/Content/Blueprints/Objects/Collectibles/LaserGunCollectible.uexp" 135
"C:/Users/Meyer/Desktop/Github/SuperstarMode/Superstar Mode/Content/Blueprints/Objects/Collectibles/LaserGunCollectible_Prize.uasset" 136
"C:/Users/Meyer/Desktop/Github/SuperstarMode/Superstar Mode/Content/Blueprints/Objects/Collectibles/LaserGunCollectible_Prize.uexp" 137
"C:/Users/Meyer/Desktop/Github/SuperstarMode/Superstar Mode/Content/Blueprints/Objects/Collectibles/PresentCollectible.uasset" 138
"C:/Users/Meyer/Desktop/Github/SuperstarMode/Superstar Mode/Content/Blueprints/Objects/Collectibles/PresentCollectible.uexp" 139
"C:/Users/Meyer/Desktop/Github/SuperstarMode/Superstar Mode/Content/Blueprints/Objects/Daycare/DaycareGenerator.uasset" 140
"C:/Users/Meyer/Desktop/Github/SuperstarMode/Superstar Mode/Content/Blueprints/Objects/Daycare/DaycareGenerator.uexp" 141
"C:/Users/Meyer/Desktop/Github/SuperstarMode/Superstar Mode/Content/Blueprints/Objects/Daycare/DaycareGeneratorSetup.uasset" 142
"C:/Users/Meyer/Desktop/Github/SuperstarMode/Superstar Mode/Content/Blueprints/Objects/Daycare/DaycareGeneratorSetup.uexp" 143
"C:/Users/Meyer/Desktop/Github/SuperstarMode/Superstar Mode/Content/Blueprints/Objects/Daycare/DaycarePenDoors.uasset" 144
"C:/Users/Meyer/Desktop/Github/SuperstarMode/Superstar Mode/Content/Blueprints/Objects/Daycare/DaycarePenDoors.uexp" 145
"C:/Users/Meyer/Desktop/Github/SuperstarMode/Superstar Mode/Content/Blueprints/Objects/Equippables/EQ_Flashbeacon.uasset" 146
"C:/Users/Meyer/Desktop/Github/SuperstarMode/Superstar Mode/Content/Blueprints/Objects/Equippables/EQ_Flashbeacon.uexp" 147
"C:/Users/Meyer/Desktop/Github/SuperstarMode/Superstar Mode/Content/Blueprints/Objects/Equippables/EQ_LaserGun.uasset" 148
"C:/Users/Meyer/Desktop/Github/SuperstarMode/Superstar Mode/Content/Blueprints/Objects/Equippables/EQ_LaserGun.uexp" 149
"C:/Users/Meyer/Desktop/Github/SuperstarMode/Superstar Mode/Content/Blueprints/Objects/FlashlightRecharge/FlashlightRechargeStation.uasset" 150
"C:/Users/Meyer/Desktop/Github/SuperstarMode/Superstar Mode/Content/Blueprints/Objects/FlashlightRecharge/FlashlightRechargeStation.uexp" 151
"C:/Users/Meyer/Desktop/Github/SuperstarMode/Superstar Mode/Content/Blueprints/Objects/GolfBall/InteractibleGolfBall.uasset" 152
"C:/Users/Meyer/Desktop/Github/SuperstarMode/Superstar Mode/Content/Blueprints/Objects/GolfBall/InteractibleGolfBall.uexp" 153
"C:/Users/Meyer/Desktop/Github/SuperstarMode/Superstar Mode/Content/Blueprints/Objects/Kitchen/KitchenBotPizzaStation.uasset" 154
"C:/Users/Meyer/Desktop/Github/SuperstarMode/Superstar Mode/Content/Blueprints/Objects/Kitchen/KitchenBotPizzaStation.uexp" 155
"C:/Users/Meyer/Desktop/Github/SuperstarMode/Superstar Mode/Content/Blueprints/Objects/Kitchen/PizzaMakerManager.uasset" 156
"C:/Users/Meyer/Desktop/Github/SuperstarMode/Superstar Mode/Content/Blueprints/Objects/Kitchen/PizzaMakerManager.uexp" 157
"C:/Users/Meyer/Desktop/Github/SuperstarMode/Superstar Mode/Content/Blueprints/Objects/PowerStation/PowerStationPlayerInteractible.uasset" 158
"C:/Users/Meyer/Desktop/Github/SuperstarMode/Superstar Mode/Content/Blueprints/Objects/PowerStation/PowerStationPlayerInteractible.uexp" 159
"C:/Users/Meyer/Desktop/Github/SuperstarMode/Superstar Mode/Content/Blueprints/Objects/PowerStation/PowerStation_Actor.uasset" 160
"C:/Users/Meyer/Desktop/Github/SuperstarMode/Superstar Mode/Content/Blueprints/Objects/PowerStation/PowerStation_Actor.uexp" 161
"C:/Users/Meyer/Desktop/Github/SuperstarMode/Superstar Mode/Content/Blueprints/Objects/SodaBottles/SodaBottle.uasset" 162
"C:/Users/Meyer/Desktop/Github/SuperstarMode/Superstar Mode/Content/Blueprints/Objects/SodaBottles/SodaBottle.uexp" 163
"C:/Users/Meyer/Desktop/Github/SuperstarMode/Superstar Mode/Content/Blueprints/Objects/SodaBottles/SodaBottleSpill.uasset" 164
"C:/Users/Meyer/Desktop/Github/SuperstarMode/Superstar Mode/Content/Blueprints/Objects/SodaBottles/SodaBottleSpill.uexp" 165
"C:/Users/Meyer/Desktop/Github/SuperstarMode/Superstar Mode/Content/Blueprints/Player/FBPC_SharedController.uasset" 166
"C:/Users/Meyer/Desktop/Github/SuperstarMode/Superstar Mode/Content/Blueprints/Player/FBPC_SharedController.uexp" 167
"C:/Users/Meyer/Desktop/Github/SuperstarMode/Superstar Mode/Content/Blueprints/Player/JumpscarePawn.uasset" 168
"C:/Users/Meyer/Desktop/Github/SuperstarMode/Superstar Mode/Content/Blueprints/Player/JumpscarePawn.uexp" 169
"C:/Users/Meyer/Desktop/Github/SuperstarMode/Superstar Mode/Content/Blueprints/Player/MainGamePC.uasset" 170
"C:/Users/Meyer/Desktop/Github/SuperstarMode/Superstar Mode/Content/Blueprints/Player/MainGamePC.uexp" 171
"C:/Users/Meyer/Desktop/Github/SuperstarMode/Superstar Mode/Content/Blueprints/Player/ThrowableObject.uasset" 172
"C:/Users/Meyer/Desktop/Github/SuperstarMode/Superstar Mode/Content/Blueprints/Player/ThrowableObject.uexp" 173
"C:/Users/Meyer/Desktop/Github/SuperstarMode/Superstar Mode/Content/Blueprints/Player/CamShakes/ImpactShake_DJMM.uasset" 174
"C:/Users/Meyer/Desktop/Github/SuperstarMode/Superstar Mode/Content/Blueprints/Player/CamShakes/ImpactShake_DJMM.uexp" 175
"C:/Users/Meyer/Desktop/Github/SuperstarMode/Superstar Mode/Content/Blueprints/Player/UI/UI_Mission.uasset" 176
"C:/Users/Meyer/Desktop/Github/SuperstarMode/Superstar Mode/Content/Blueprints/Player/UI/UI_Mission.uexp" 177
"C:/Users/Meyer/Desktop/Github/SuperstarMode/Superstar Mode/Content/Blueprints/Player/UI/HUD/WI_Gregory_Clock.uasset" 178
"C:/Users/Meyer/Desktop/Github/SuperstarMode/Superstar Mode/Content/Blueprints/Player/UI/HUD/WI_Gregory_Clock.uexp" 179
"C:/Users/Meyer/Desktop/Github/SuperstarMode/Superstar Mode/Content/Blueprints/Player/UI/HUD/WI_Gregory_Stamina.uasset" 180
"C:/Users/Meyer/Desktop/Github/SuperstarMode/Superstar Mode/Content/Blueprints/Player/UI/HUD/WI_Gregory_Stamina.uexp" 181
"C:/Users/Meyer/Desktop/Github/SuperstarMode/Superstar Mode/Content/Blueprints/Roxy_Racer/CarMechanics/P_GoKart.uasset" 182
"C:/Users/Meyer/Desktop/Github/SuperstarMode/Superstar Mode/Content/Blueprints/Roxy_Racer/CarMechanics/P_GoKart.uexp" 183
"C:/Users/Meyer/Desktop/Github/SuperstarMode/Superstar Mode/Content/Blueprints/SecurityOffice/OGM_Backstage.uasset" 184
"C:/Users/Meyer/Desktop/Github/SuperstarMode/Superstar Mode/Content/Blueprints/SecurityOffice/OGM_Backstage.uexp" 185
"C:/Users/Meyer/Desktop/Github/SuperstarMode/Superstar Mode/Content/Blueprints/SecurityOffice/Backstage/AI/Freddy/FreddyOffice.uasset" 186
"C:/Users/Meyer/Desktop/Github/SuperstarMode/Superstar Mode/Content/Blueprints/SecurityOffice/Backstage/AI/Freddy/FreddyOffice.uexp" 187
"C:/Users/Meyer/Desktop/Github/SuperstarMode/Superstar Mode/Content/Blueprints/SecurityOffice/Backstage/AI/Vanny/VannyBackstageSplineBt.uasset" 188
"C:/Users/Meyer/Desktop/Github/SuperstarMode/Superstar Mode/Content/Blueprints/SecurityOffice/Backstage/AI/Vanny/VannyBackstageSplineBt.uexp" 189
"C:/Users/Meyer/Desktop/Github/SuperstarMode/Superstar Mode/Content/Blueprints/SecurityOffice/Kitchen/OGM_Kitchen.uasset" 190
"C:/Users/Meyer/Desktop/Github/SuperstarMode/Superstar Mode/Content/Blueprints/SecurityOffice/Kitchen/OGM_Kitchen.uexp" 191
"C:/Users/Meyer/Desktop/Github/SuperstarMode/Superstar Mode/Content/Blueprints/SecurityOffice/Kitchen/AI/ChicaKitchenOfficeBT.uasset" 192
"C:/Users/Meyer/Desktop/Github/SuperstarMode/Superstar Mode/Content/Blueprints/SecurityOffice/Kitchen/AI/ChicaKitchenOfficeBT.uexp" 193
"C:/Users/Meyer/Desktop/Github/SuperstarMode/Superstar Mode/Content/Blueprints/SecurityOffice/WestArcade/DJMusicMan.uasset" 194
"C:/Users/Meyer/Desktop/Github/SuperstarMode/Superstar Mode/Content/Blueprints/SecurityOffice/WestArcade/DJMusicMan.uexp" 195
"C:/Users/Meyer/Desktop/Github/SuperstarMode/Superstar Mode/Content/Blueprints/SplinePathing/LMMSplinePathwayManager.uasset" 196
"C:/Users/Meyer/Desktop/Github/SuperstarMode/Superstar Mode/Content/Blueprints/SplinePathing/LMMSplinePathwayManager.uexp" 197
"C:/Users/Meyer/Desktop/Github/SuperstarMode/Superstar Mode/Content/Blueprints/System/MainGameStartupSequence.uasset" 198
"C:/Users/Meyer/Desktop/Github/SuperstarMode/Superstar Mode/Content/Blueprints/System/MainGameStartupSequence.uexp" 199
"C:/Users/Meyer/Desktop/Github/SuperstarMode/Superstar Mode/Content/Blueprints/System/Fog/FogSystem.uasset" 200
"C:/Users/Meyer/Desktop/Github/SuperstarMode/Superstar Mode/Content/Blueprints/System/Fog/FogSystem.uexp" 201
"C:/Users/Meyer/Desktop/Github/SuperstarMode/Superstar Mode/Content/Blueprints/System/LaserTag/LaserTag_GM.uasset" 202
"C:/Users/Meyer/Desktop/Github/SuperstarMode/Superstar Mode/Content/Blueprints/System/LaserTag/LaserTag_GM.uexp" 203
"C:/Users/Meyer/Desktop/Github/SuperstarMode/Superstar Mode/Content/Blueprints/Tasks/Alert/SendAlert.uasset" 204
"C:/Users/Meyer/Desktop/Github/SuperstarMode/Superstar Mode/Content/Blueprints/Tasks/Alert/SendAlert.uexp" 205
"C:/Users/Meyer/Desktop/Github/SuperstarMode/Superstar Mode/Content/Blueprints/UI/FPSUI.uasset" 206
"C:/Users/Meyer/Desktop/Github/SuperstarMode/Superstar Mode/Content/Blueprints/UI/FPSUI.uexp" 207
"C:/Users/Meyer/Desktop/Github/SuperstarMode/Superstar Mode/Content/Blueprints/UI/GameOverUI.uasset" 208
"C:/Users/Meyer/Desktop/Github/SuperstarMode/Superstar Mode/Content/Blueprints/UI/GameOverUI.uexp" 209
"C:/Users/Meyer/Desktop/Github/SuperstarMode/Superstar Mode/Content/Blueprints/UI/OptionsUI.uasset" 210
"C:/Users/Meyer/Desktop/Github/SuperstarMode/Superstar Mode/Content/Blueprints/UI/OptionsUI.uexp" 211
"C:/Users/Meyer/Desktop/Github/SuperstarMode/Superstar Mode/Content/Blueprints/UI/SaveGameSettings.uasset" 212
"C:/Users/Meyer/Desktop/Github/SuperstarMode/Superstar Mode/Content/Blueprints/UI/SaveGameSettings.uexp" 213
"C:/Users/Meyer/Desktop/Github/SuperstarMode/Superstar Mode/Content/Blueprints/UI/WI_RollingCredits.uasset" 214
"C:/Users/Meyer/Desktop/Github/SuperstarMode/Superstar Mode/Content/Blueprints/UI/WI_RollingCredits.uexp" 215
"C:/Users/Meyer/Desktop/Github/SuperstarMode/Superstar Mode/Content/Blueprints/UI/Loading/LoadingGraphic.uasset" 216
"C:/Users/Meyer/Desktop/Github/SuperstarMode/Superstar Mode/Content/Blueprints/UI/Loading/LoadingGraphic.uexp" 217
"C:/Users/Meyer/Desktop/Github/SuperstarMode/Superstar Mode/Content/Blueprints/UI/Loading/PizzaHelpy.uasset" 218
"C:/Users/Meyer/Desktop/Github/SuperstarMode/Superstar Mode/Content/Blueprints/UI/Loading/PizzaHelpy.uexp" 219
"C:/Users/Meyer/Desktop/Github/SuperstarMode/Superstar Mode/Content/Blueprints/UI/SplashScreen/Assets/SBLogo_LogoWithText.uasset" 220
"C:/Users/Meyer/Desktop/Github/SuperstarMode/Superstar Mode/Content/Blueprints/UI/SplashScreen/Assets/SBLogo_LogoWithText.uexp" 221
"C:/Users/Meyer/Desktop/Github/SuperstarMode/Superstar Mode/Content/Blueprints/UI/SplashScreen/Assets/SBLogo_LogoWithText.ubulk" 222
"C:/Users/Meyer/Desktop/Github/SuperstarMode/Superstar Mode/Content/Blueprints/UI/SplashScreen/Assets/Steel_Wool_Studios_DeveloperLogo.uasset" 223
"C:/Users/Meyer/Desktop/Github/SuperstarMode/Superstar Mode/Content/Blueprints/UI/SplashScreen/Assets/Steel_Wool_Studios_DeveloperLogo.uexp" 224
"C:/Users/Meyer/Desktop/Github/SuperstarMode/Superstar Mode/Content/Blueprints/UI/SplashScreen/Assets/Steel_Wool_Studios_DeveloperLogo.ubulk" 225
"C:/Users/Meyer/Desktop/Github/SuperstarMode/Superstar Mode/Content/Blueprints/Underground/BurntrapHackPointBP.uasset" 226
"C:/Users/Meyer/Desktop/Github/SuperstarMode/Superstar Mode/Content/Blueprints/Underground/BurntrapHackPointBP.uexp" 227
"C:/Users/Meyer/Desktop/Github/SuperstarMode/Superstar Mode/Content/Blueprints/Util/DialogueFunctionLibrary.uasset" 228
"C:/Users/Meyer/Desktop/Github/SuperstarMode/Superstar Mode/Content/Blueprints/Util/DialogueFunctionLibrary.uexp" 229
"C:/Users/Meyer/Desktop/Github/SuperstarMode/Superstar Mode/Content/Blueprints/Warehouse/PRE_BadgeHolder_Warehouse.uasset" 230
"C:/Users/Meyer/Desktop/Github/SuperstarMode/Superstar Mode/Content/Blueprints/Warehouse/PRE_BadgeHolder_Warehouse.uexp" 231
"C:/Users/Meyer/Desktop/Github/SuperstarMode/Superstar Mode/Content/Cinematics/CinematicActors/Cinematic_Actor_LMM.uasset" 232
"C:/Users/Meyer/Desktop/Github/SuperstarMode/Superstar Mode/Content/Cinematics/CinematicActors/Cinematic_Actor_LMM.uexp" 233
"C:/Users/Meyer/Desktop/Github/SuperstarMode/Superstar Mode/Content/Cinematics/CinematicActors/Cinematic_Actor_Mapbot.uasset" 234
"C:/Users/Meyer/Desktop/Github/SuperstarMode/Superstar Mode/Content/Cinematics/CinematicActors/Cinematic_Actor_Mapbot.uexp" 235
"C:/Users/Meyer/Desktop/Github/SuperstarMode/Superstar Mode/Content/Blueprints/System/Fog/FogVolumeInfo.uasset" 236
"C:/Users/Meyer/Desktop/Github/SuperstarMode/Superstar Mode/Content/Blueprints/System/Fog/FogVolumeInfo.uexp" 237
"C:/Users/Meyer/Desktop/Github/SuperstarMode/Superstar Mode/Content/Data/FogTable.uasset" 238
"C:/Users/Meyer/Desktop/Github/SuperstarMode/Superstar Mode/Content/Data/FogTable.uexp" 239
"C:/Users/Meyer/Desktop/Github/SuperstarMode/Superstar Mode/Content/Data/AI/AIDataParams.uasset" 240
"C:/Users/Meyer/Desktop/Github/SuperstarMode/Superstar Mode/Content/Data/AI/AIDataParams.uexp" 241
"C:/Users/Meyer/Desktop/Github/SuperstarMode/Superstar Mode/Content/Data/AI/AIDataParams_Table.uasset" 242
"C:/Users/Meyer/Desktop/Github/SuperstarMode/Superstar Mode/Content/Data/AI/AIDataParams_Table.uexp" 243
"C:/Users/Meyer/Desktop/Github/SuperstarMode/Superstar Mode/Content/Data/Localizations/Loc_EmployeeMessages.uasset" 244
"C:/Users/Meyer/Desktop/Github/SuperstarMode/Superstar Mode/Content/Data/Localizations/Loc_EmployeeMessages.uexp" 245
"C:/Users/Meyer/Desktop/Github/SuperstarMode/Superstar Mode/Content/Materials/PowerMat.uasset" 246
"C:/Users/Meyer/Desktop/Github/SuperstarMode/Superstar Mode/Content/Materials/PowerMat.uexp" 247
"C:/Users/Meyer/Desktop/Github/SuperstarMode/Superstar Mode/Content/Materials/Test_Mat.uasset" 248
"C:/Users/Meyer/Desktop/Github/SuperstarMode/Superstar Mode/Content/Materials/Test_Mat.uexp" 249
"C:/Users/Meyer/Desktop/Github/SuperstarMode/Superstar Mode/Content/Model_Assets/Chars/Freddy/SK_Mannequin.uasset" 250
"C:/Users/Meyer/Desktop/Github/SuperstarMode/Superstar Mode/Content/Model_Assets/Chars/Freddy/SK_Mannequin.uexp" 251
"C:/Users/Meyer/Desktop/Github/SuperstarMode/Superstar Mode/Content/Model_Assets/Chars/Freddy/SK_Mannequin_PhysicsAsset.uasset" 252
"C:/Users/Meyer/Desktop/Github/SuperstarMode/Superstar Mode/Content/Model_Assets/Chars/Freddy/SK_Mannequin_PhysicsAsset.uexp" 253
"C:/Users/Meyer/Desktop/Github/SuperstarMode/Superstar Mode/Content/Model_Assets/Chars/Prizebox/MOD_BoingyBox_Lid.uasset" 254
"C:/Users/Meyer/Desktop/Github/SuperstarMode/Superstar Mode/Content/Model_Assets/Chars/Prizebox/MOD_BoingyBox_Lid.uexp" 255
"C:/Users/Meyer/Desktop/Github/SuperstarMode/Superstar Mode/Content/Model_Assets/SetsPRE/PRE_MOD_BowlingBall.uasset" 256
"C:/Users/Meyer/Desktop/Github/SuperstarMode/Superstar Mode/Content/Model_Assets/SetsPRE/PRE_MOD_BowlingBall.uexp" 257
"C:/Users/Meyer/Desktop/Github/SuperstarMode/Superstar Mode/Content/Mods/SuperstarMode/Content/UI/Images/Credits.uasset" 258
"C:/Users/Meyer/Desktop/Github/SuperstarMode/Superstar Mode/Content/Mods/SuperstarMode/Content/UI/Images/Credits.uexp" 259
"C:/Users/Meyer/Desktop/Github/SuperstarMode/Superstar Mode/Content/Mods/SuperstarMode/Content/Materials/Credits.uasset" 260
"C:/Users/Meyer/Desktop/Github/SuperstarMode/Superstar Mode/Content/Mods/SuperstarMode/Content/Materials/Credits.uexp" 261
"C:/Users/Meyer/Desktop/Github/SuperstarMode/Superstar Mode/Content/Mods/SuperstarMode/Content/UI/Fonts/orbitron-medium.uasset" 262
"C:/Users/Meyer/Desktop/Github/SuperstarMode/Superstar Mode/Content/Mods/SuperstarMode/Content/UI/Fonts/orbitron-medium.uexp" 263
"C:/Users/Meyer/Desktop/Github/SuperstarMode/Superstar Mode/Content/Mods/SuperstarMode/Content/UI/Fonts/orbitron-medium.ufont" 264
"C:/Users/Meyer/Desktop/Github/SuperstarMode/Superstar Mode/Content/Mods/SuperstarMode/Content/UI/Fonts/orbitron-medium_Font.uasset" 265
"C:/Users/Meyer/Desktop/Github/SuperstarMode/Superstar Mode/Content/Mods/SuperstarMode/Content/UI/Fonts/orbitron-medium_Font.uexp" 266
"C:/Users/Meyer/Desktop/Github/SuperstarMode/Superstar Mode/Content/Mods/SuperstarMode/Content/UI/Text.uasset" 267
"C:/Users/Meyer/Desktop/Github/SuperstarMode/Superstar Mode/Content/Mods/SuperstarMode/Content/UI/Text.uexp" 268
"C:/Users/Meyer/Desktop/Github/SuperstarMode/Superstar Mode/Content/Blueprints/AI/Seeker/Chica/AIChicaBB.uasset" 269
"C:/Users/Meyer/Desktop/Github/SuperstarMode/Superstar Mode/Content/Blueprints/AI/Seeker/Chica/AIChicaBB.uexp" 270
"../../../Engine/Content/EditorBlueprintResources/StandardMacros.uasset" 271
"../../../Engine/Content/EditorBlueprintResources/StandardMacros.uexp" 272
"C:/Users/Meyer/Desktop/Github/SuperstarMode/Superstar Mode/Content/Blueprints/AI/Seeker/Endo/Endo.uasset" 273
"C:/Users/Meyer/Desktop/Github/SuperstarMode/Superstar Mode/Content/Blueprints/AI/Seeker/Endo/Endo.uexp" 274
"C:/Users/Meyer/Desktop/Github/SuperstarMode/Superstar Mode/Content/Mods/SuperstarMode/Content/UNUSED_TESTING/M_Warehouse.uasset" 275
"C:/Users/Meyer/Desktop/Github/SuperstarMode/Superstar Mode/Content/Mods/SuperstarMode/Content/UNUSED_TESTING/M_Warehouse.uexp" 276
"C:/Users/Meyer/Desktop/Github/SuperstarMode/Superstar Mode/Content/Blueprints/Player/Gregory.uasset" 277
"C:/Users/Meyer/Desktop/Github/SuperstarMode/Superstar Mode/Content/Blueprints/Player/Gregory.uexp" 278
"C:/Users/Meyer/Desktop/Github/SuperstarMode/Superstar Mode/Content/Blueprints/System/Debug/DebugUI.uasset" 279
"C:/Users/Meyer/Desktop/Github/SuperstarMode/Superstar Mode/Content/Blueprints/System/Debug/DebugUI.uexp" 280
"C:/Users/Meyer/Desktop/Github/SuperstarMode/Superstar Mode/Content/Blueprints/System/Debug/DebugInventoryItem.uasset" 281
"C:/Users/Meyer/Desktop/Github/SuperstarMode/Superstar Mode/Content/Blueprints/System/Debug/DebugInventoryItem.uexp" 282
"C:/Users/Meyer/Desktop/Github/SuperstarMode/Superstar Mode/Content/Mods/SuperstarMode/Content/Objects/Macros.uasset" 283
"C:/Users/Meyer/Desktop/Github/SuperstarMode/Superstar Mode/Content/Mods/SuperstarMode/Content/Objects/Macros.uexp" 284
"C:/Users/Meyer/Desktop/Github/SuperstarMode/Superstar Mode/Content/Mods/SuperstarMode/Content/UNUSED_TESTING/TR_Warehouse.uasset" 285
"C:/Users/Meyer/Desktop/Github/SuperstarMode/Superstar Mode/Content/Mods/SuperstarMode/Content/UNUSED_TESTING/TR_Warehouse.uexp" 286
"C:/Users/Meyer/Desktop/Github/SuperstarMode/Superstar Mode/Content/ShadingAssets/Materials/DBG_AIPawnVis.uasset" 287
"C:/Users/Meyer/Desktop/Github/SuperstarMode/Superstar Mode/Content/ShadingAssets/Materials/DBG_AIPawnVis.uexp" 288
"C:/Users/Meyer/Desktop/Github/SuperstarMode/Superstar Mode/Content/ShadingAssets/Materials/DBG_AIPawnVis_Blue.uasset" 289
"C:/Users/Meyer/Desktop/Github/SuperstarMode/Superstar Mode/Content/ShadingAssets/Materials/DBG_AIPawnVis_Blue.uexp" 290
"C:/Users/Meyer/Desktop/Github/SuperstarMode/Superstar Mode/Content/ShadingAssets/Materials/DBG_AIPawnVis_Green.uasset" 291
"C:/Users/Meyer/Desktop/Github/SuperstarMode/Superstar Mode/Content/ShadingAssets/Materials/DBG_AIPawnVis_Green.uexp" 292
"C:/Users/Meyer/Desktop/Github/SuperstarMode/Superstar Mode/Content/ShadingAssets/Materials/MI_Mirror.uasset" 293
"C:/Users/Meyer/Desktop/Github/SuperstarMode/Superstar Mode/Content/ShadingAssets/Materials/MI_Mirror.uexp" 294
"C:/Users/Meyer/Desktop/Github/SuperstarMode/Superstar Mode/Content/ShadingAssets/Materials/MWood.uasset" 295
"C:/Users/Meyer/Desktop/Github/SuperstarMode/Superstar Mode/Content/ShadingAssets/Materials/MWood.uexp" 296
"C:/Users/Meyer/Desktop/Github/SuperstarMode/Superstar Mode/Content/ShadingAssets/Materials/M_Neon.uasset" 297
"C:/Users/Meyer/Desktop/Github/SuperstarMode/Superstar Mode/Content/ShadingAssets/Materials/M_Neon.uexp" 298
"C:/Users/Meyer/Desktop/Github/SuperstarMode/Superstar Mode/Content/ShadingAssets/Materials/M_Wood_Floor.uasset" 299
"C:/Users/Meyer/Desktop/Github/SuperstarMode/Superstar Mode/Content/ShadingAssets/Materials/M_Wood_Floor.uexp" 300
"C:/Users/Meyer/Desktop/Github/SuperstarMode/Superstar Mode/Content/ShadingAssets/Textures/TEX_Gregory_BodyNormal.uasset" 301
"C:/Users/Meyer/Desktop/Github/SuperstarMode/Superstar Mode/Content/ShadingAssets/Textures/TEX_Gregory_BodyNormal.uexp" 302
"C:/Users/Meyer/Desktop/Github/SuperstarMode/Superstar Mode/Content/ShadingAssets/Textures/TEX_Gregory_BodyNormal.ubulk" 303
"C:/Users/Meyer/Desktop/Github/SuperstarMode/Superstar Mode/Content/ShadingAssets/Textures/TEX_Gregory_Body_BaseColor.uasset" 304
"C:/Users/Meyer/Desktop/Github/SuperstarMode/Superstar Mode/Content/ShadingAssets/Textures/TEX_Gregory_Body_BaseColor.uexp" 305
"C:/Users/Meyer/Desktop/Github/SuperstarMode/Superstar Mode/Content/ShadingAssets/Textures/TEX_Gregory_Body_BaseColor.ubulk" 306
"C:/Users/Meyer/Desktop/Github/SuperstarMode/Superstar Mode/Content/ShadingAssets/Textures/TEX_Monty_Body_BaseColor.uasset" 307
"C:/Users/Meyer/Desktop/Github/SuperstarMode/Superstar Mode/Content/ShadingAssets/Textures/TEX_Monty_Body_BaseColor.uexp" 308
"C:/Users/Meyer/Desktop/Github/SuperstarMode/Superstar Mode/Content/ShadingAssets/Textures/TEX_Monty_Body_BaseColor.ubulk" 309
"C:/Users/Meyer/Desktop/Github/SuperstarMode/Superstar Mode/Content/ShadingAssets/Textures/TEX_SecurityFlashlight_BaseColor.uasset" 310
"C:/Users/Meyer/Desktop/Github/SuperstarMode/Superstar Mode/Content/ShadingAssets/Textures/TEX_SecurityFlashlight_BaseColor.uexp" 311
"C:/Users/Meyer/Desktop/Github/SuperstarMode/Superstar Mode/Content/ShadingAssets/Textures/TEX_SecurityFlashlight_BaseColor.ubulk" 312
"C:/Users/Meyer/Desktop/Github/SuperstarMode/Superstar Mode/Content/Tests/AITestHelpers/AutomatedPlayer/AutomatedPlayer.uasset" 313
"C:/Users/Meyer/Desktop/Github/SuperstarMode/Superstar Mode/Content/Tests/AITestHelpers/AutomatedPlayer/AutomatedPlayer.uexp" 314
"C:/Users/Meyer/Desktop/Github/SuperstarMode/Superstar Mode/Content/Tests/Maps/ItemTumblerTest/ItemTumblerViewer.uasset" 315
"C:/Users/Meyer/Desktop/Github/SuperstarMode/Superstar Mode/Content/Tests/Maps/ItemTumblerTest/ItemTumblerViewer.uexp" 316
"C:/Users/Meyer/Desktop/Github/SuperstarMode/Superstar Mode/Content/Textures/Icons/FazWatch/ItemIcons_2D/TEX_KeyItem_Admission_Pass.uasset" 317
"C:/Users/Meyer/Desktop/Github/SuperstarMode/Superstar Mode/Content/Textures/Icons/FazWatch/ItemIcons_2D/TEX_KeyItem_Admission_Pass.uexp" 318
"C:/Users/Meyer/Desktop/Github/SuperstarMode/Superstar Mode/Content/Textures/Icons/FazWatch/ItemIcons_2D/TEX_KeyItem_Admission_Pass.ubulk" 319
"C:/Users/Meyer/Desktop/Github/SuperstarMode/Superstar Mode/Content/Textures/Icons/FazWatch/ItemIcons_2D/TEX_KeyItem_Hoodie.uasset" 320
"C:/Users/Meyer/Desktop/Github/SuperstarMode/Superstar Mode/Content/Textures/Icons/FazWatch/ItemIcons_2D/TEX_KeyItem_Hoodie.uexp" 321
"C:/Users/Meyer/Desktop/Github/SuperstarMode/Superstar Mode/Content/Textures/Icons/FazWatch/ItemIcons_2D/TEX_KeyItem_Hoodie.ubulk" 322
"C:/Users/Meyer/Desktop/Github/SuperstarMode/Superstar Mode/Content/Textures/Icons/FazWatch/ItemIcons_3D/TEX_KeyItem_Fizzyfaz_Chica.uasset" 323
"C:/Users/Meyer/Desktop/Github/SuperstarMode/Superstar Mode/Content/Textures/Icons/FazWatch/ItemIcons_3D/TEX_KeyItem_Fizzyfaz_Chica.uexp" 324
"C:/Users/Meyer/Desktop/Github/SuperstarMode/Superstar Mode/Content/Textures/Icons/FazWatch/ItemIcons_3D/TEX_KeyItem_Fizzyfaz_Freddy.uasset" 325
"C:/Users/Meyer/Desktop/Github/SuperstarMode/Superstar Mode/Content/Textures/Icons/FazWatch/ItemIcons_3D/TEX_KeyItem_Fizzyfaz_Freddy.uexp" 326
"C:/Users/Meyer/Desktop/Github/SuperstarMode/Superstar Mode/Content/Textures/Icons/FazWatch/ItemIcons_3D/TEX_KeyItem_Fizzyfaz_Monty.uasset" 327
"C:/Users/Meyer/Desktop/Github/SuperstarMode/Superstar Mode/Content/Textures/Icons/FazWatch/ItemIcons_3D/TEX_KeyItem_Fizzyfaz_Monty.uexp" 328
"C:/Users/Meyer/Desktop/Github/SuperstarMode/Superstar Mode/Content/Textures/Icons/FazWatch/ItemIcons_3D/TEX_KeyItem_Fizzyfaz_Roxy.uasset" 329
"C:/Users/Meyer/Desktop/Github/SuperstarMode/Superstar Mode/Content/Textures/Icons/FazWatch/ItemIcons_3D/TEX_KeyItem_Fizzyfaz_Roxy.uexp" 330
"C:/Users/Meyer/Desktop/Github/SuperstarMode/Superstar Mode/Content/Textures/Icons/FazWatch/ItemIcons_3D/512Variant/TEX_KeyItem_FlashlightUpgrade_512.uasset" 331
"C:/Users/Meyer/Desktop/Github/SuperstarMode/Superstar Mode/Content/Textures/Icons/FazWatch/ItemIcons_3D/512Variant/TEX_KeyItem_FlashlightUpgrade_512.uexp" 332
"C:/Users/Meyer/Desktop/Github/SuperstarMode/Superstar Mode/Content/Textures/Icons/FazWatch/ItemIcons_3D/512Variant/TEX_KeyItem_FlashlightUpgrade_512.ubulk" 333
"C:/Users/Meyer/Desktop/Github/SuperstarMode/Superstar Mode/Content/Textures/Icons/FazWatch/ItemIcons_3D/512Variant/TEX_KeyItem_Flashlight_512.uasset" 334
"C:/Users/Meyer/Desktop/Github/SuperstarMode/Superstar Mode/Content/Textures/Icons/FazWatch/ItemIcons_3D/512Variant/TEX_KeyItem_Flashlight_512.uexp" 335
"C:/Users/Meyer/Desktop/Github/SuperstarMode/Superstar Mode/Content/Textures/Icons/FazWatch/ItemIcons_3D/512Variant/TEX_KeyItem_Flashlight_512.ubulk" 336
"C:/Users/Meyer/Desktop/Github/SuperstarMode/Superstar Mode/Content/Textures/Icons/FazWatch/ItemIcons_3D/512Variant/TEX_KeyItem_Sweater_02_512.uasset" 337
"C:/Users/Meyer/Desktop/Github/SuperstarMode/Superstar Mode/Content/Textures/Icons/FazWatch/ItemIcons_3D/512Variant/TEX_KeyItem_Sweater_02_512.uexp" 338
"C:/Users/Meyer/Desktop/Github/SuperstarMode/Superstar Mode/Content/Textures/Icons/FazWatch/ItemIcons_3D/512Variant/TEX_KeyItem_Sweater_02_512.ubulk" 339
"C:/Users/Meyer/Desktop/Github/SuperstarMode/Superstar Mode/Content/Textures/Icons/FazWatch/ItemIcons_3D/512Variant/TEX_KeyItem_Sweater_04_512.uasset" 340
"C:/Users/Meyer/Desktop/Github/SuperstarMode/Superstar Mode/Content/Textures/Icons/FazWatch/ItemIcons_3D/512Variant/TEX_KeyItem_Sweater_04_512.uexp" 341
"C:/Users/Meyer/Desktop/Github/SuperstarMode/Superstar Mode/Content/Textures/Icons/FazWatch/ItemIcons_3D/512Variant/TEX_KeyItem_Sweater_04_512.ubulk" 342
"C:/Users/Meyer/Desktop/Github/SuperstarMode/Superstar Mode/Content/Textures/Icons/FazWatch/ItemIcons_3D/512Variant/TEX_KeyItem_Sweater_07_512.uasset" 343
"C:/Users/Meyer/Desktop/Github/SuperstarMode/Superstar Mode/Content/Textures/Icons/FazWatch/ItemIcons_3D/512Variant/TEX_KeyItem_Sweater_07_512.uexp" 344
"C:/Users/Meyer/Desktop/Github/SuperstarMode/Superstar Mode/Content/Textures/Icons/FazWatch/ItemIcons_3D/512Variant/TEX_KeyItem_Sweater_07_512.ubulk" 345
"C:/Users/Meyer/Desktop/Github/SuperstarMode/Superstar Mode/Content/Textures/Icons/FazWatch/ItemIcons_3D/512Variant/TEX_KeyItem_Sweater_09_512.uasset" 346
"C:/Users/Meyer/Desktop/Github/SuperstarMode/Superstar Mode/Content/Textures/Icons/FazWatch/ItemIcons_3D/512Variant/TEX_KeyItem_Sweater_09_512.uexp" 347
"C:/Users/Meyer/Desktop/Github/SuperstarMode/Superstar Mode/Content/Textures/Icons/FazWatch/ItemIcons_3D/512Variant/TEX_KeyItem_Sweater_09_512.ubulk" 348
"C:/Users/Meyer/Desktop/Github/SuperstarMode/Superstar Mode/Content/ShadingAssets/Materials/MAT_PrizeBox_00.uasset" 349
"C:/Users/Meyer/Desktop/Github/SuperstarMode/Superstar Mode/Content/ShadingAssets/Materials/MAT_PrizeBox_00.uexp" 350
"C:/Users/Meyer/Desktop/Github/SuperstarMode/Superstar Mode/Content/ShadingAssets/Materials/MAT_PrizeBox_01.uasset" 351
"C:/Users/Meyer/Desktop/Github/SuperstarMode/Superstar Mode/Content/ShadingAssets/Materials/MAT_PrizeBox_01.uexp" 352
"C:/Users/Meyer/Desktop/Github/SuperstarMode/Superstar Mode/Content/ShadingAssets/Materials/MAT_PrizeBox_02.uasset" 353
"C:/Users/Meyer/Desktop/Github/SuperstarMode/Superstar Mode/Content/ShadingAssets/Materials/MAT_PrizeBox_02.uexp" 354
"C:/Users/Meyer/Desktop/Github/SuperstarMode/Superstar Mode/Content/ShadingAssets/Materials/MAT_PrizeBox_03.uasset" 355
"C:/Users/Meyer/Desktop/Github/SuperstarMode/Superstar Mode/Content/ShadingAssets/Materials/MAT_PrizeBox_03.uexp" 356
"C:/Users/Meyer/Desktop/Github/SuperstarMode/Superstar Mode/Content/ShadingAssets/Materials/MAT_PrizeBox_04.uasset" 357
"C:/Users/Meyer/Desktop/Github/SuperstarMode/Superstar Mode/Content/ShadingAssets/Materials/MAT_PrizeBox_04.uexp" 358
"C:/Users/Meyer/Desktop/Github/SuperstarMode/Superstar Mode/Content/ShadingAssets/Materials/MAT_PrizeBox_05.uasset" 359
"C:/Users/Meyer/Desktop/Github/SuperstarMode/Superstar Mode/Content/ShadingAssets/Materials/MAT_PrizeBox_05.uexp" 360
"C:/Users/Meyer/Desktop/Github/SuperstarMode/Superstar Mode/Content/ShadingAssets/Materials/MAT_PrizeBox_06.uasset" 361
"C:/Users/Meyer/Desktop/Github/SuperstarMode/Superstar Mode/Content/ShadingAssets/Materials/MAT_PrizeBox_06.uexp" 362
"C:/Users/Meyer/Desktop/Github/SuperstarMode/Superstar Mode/Content/ShadingAssets/Materials/MAT_PrizeBox_Golden.uasset" 363
"C:/Users/Meyer/Desktop/Github/SuperstarMode/Superstar Mode/Content/ShadingAssets/Materials/MAT_PrizeBox_Golden.uexp" 364
"../../../Engine/Content/Animation/DefaultAnimCurveCompressionSettings.uasset" 365
"../../../Engine/Content/Animation/DefaultAnimCurveCompressionSettings.uexp" 366
"../../../Engine/Content/EngineMaterials/T_Default_Material_Grid_N.uasset" 367
"../../../Engine/Content/EngineMaterials/T_Default_Material_Grid_N.uexp" 368
"../../../Engine/Content/EngineMaterials/T_Default_Material_Grid_N.ubulk" 369
"../../../Engine/Content/EngineMaterials/T_Default_Material_Grid_M.uasset" 370
"../../../Engine/Content/EngineMaterials/T_Default_Material_Grid_M.uexp" 371
"../../../Engine/Content/EngineMaterials/T_Default_Material_Grid_M.ubulk" 372
"../../../Engine/Content/Functions/Engine_MaterialFunctions01/Opacity/CameraDepthFade.uasset" 373
"../../../Engine/Content/Functions/Engine_MaterialFunctions01/Opacity/CameraDepthFade.uexp" 374
"../../../Engine/Content/EngineMaterials/WorldGridMaterial.uasset" 375
"../../../Engine/Content/EngineMaterials/WorldGridMaterial.uexp" 376
"../../../Engine/Content/ArtTools/RenderToTexture/Meshes/S_1_Unit_Plane.uasset" 377
"../../../Engine/Content/ArtTools/RenderToTexture/Meshes/S_1_Unit_Plane.uexp" 378
"../../../Engine/Content/EngineMaterials/DefaultMaterial.uasset" 379
"../../../Engine/Content/EngineMaterials/DefaultMaterial.uexp" 380
"../../../Engine/Content/BasicShapes/Cone.uasset" 381
"../../../Engine/Content/BasicShapes/Cone.uexp" 382
"../../../Engine/Content/BasicShapes/Sphere.uasset" 383
"../../../Engine/Content/BasicShapes/Sphere.uexp" 384
"../../../Engine/Content/EditorLandscapeResources/DataLayer.uasset" 385
"../../../Engine/Content/EditorLandscapeResources/DataLayer.uexp" 386
"../../../Engine/Content/EditorLandscapeResources/DefaultAlphaTexture.uasset" 387
"../../../Engine/Content/EditorLandscapeResources/DefaultAlphaTexture.uexp" 388
"../../../Engine/Content/EditorMaterials/MAT_Groups_Toggle.uasset" 389
"../../../Engine/Content/EditorMaterials/MAT_Groups_Toggle.uexp" 390
"../../../Engine/Content/EditorMaterials/MAT_Groups_Visibility.uasset" 391
"../../../Engine/Content/EditorMaterials/MAT_Groups_Visibility.uexp" 392
"../../../Engine/Content/EditorMaterials/PreviewShadowIndicator.uasset" 393
"../../../Engine/Content/EditorMaterials/PreviewShadowIndicator.uexp" 394
"../../../Engine/Content/EditorMaterials/PreviewShadowIndicator.ubulk" 395
"../../../Engine/Content/EditorMaterials/PreviewShadowIndicatorMaterial.uasset" 396
"../../../Engine/Content/EditorMaterials/PreviewShadowIndicatorMaterial.uexp" 397
"../../../Engine/Content/EditorMaterials/MatineeGroups/MAT_ColorTrack.uasset" 398
"../../../Engine/Content/EditorMaterials/MatineeGroups/MAT_ColorTrack.uexp" 399
"../../../Engine/Content/EditorMaterials/MatineeGroups/MAT_Groups_Anim.uasset" 400
"../../../Engine/Content/EditorMaterials/MatineeGroups/MAT_Groups_Anim.uexp" 401
"../../../Engine/Content/EditorMaterials/MatineeGroups/MAT_Groups_AudioMaster.uasset" 402
"../../../Engine/Content/EditorMaterials/MatineeGroups/MAT_Groups_AudioMaster.uexp" 403
"../../../Engine/Content/EditorMaterials/MatineeGroups/MAT_Groups_Director.uasset" 404
"../../../Engine/Content/EditorMaterials/MatineeGroups/MAT_Groups_Director.uexp" 405
"../../../Engine/Content/EditorMaterials/MatineeGroups/MAT_Groups_Event.uasset" 406
"../../../Engine/Content/EditorMaterials/MatineeGroups/MAT_Groups_Event.uexp" 407
"../../../Engine/Content/EditorMaterials/MatineeGroups/MAT_Groups_Fade.uasset" 408
"../../../Engine/Content/EditorMaterials/MatineeGroups/MAT_Groups_Fade.uexp" 409
"../../../Engine/Content/EditorMaterials/MatineeGroups/MAT_Groups_Float.uasset" 410
"../../../Engine/Content/EditorMaterials/MatineeGroups/MAT_Groups_Float.uexp" 411
"../../../Engine/Content/EditorMaterials/MatineeGroups/MAT_Groups_Move.uasset" 412
"../../../Engine/Content/EditorMaterials/MatineeGroups/MAT_Groups_Move.uexp" 413
"../../../Engine/Content/EditorMaterials/MatineeGroups/MAT_Groups_Slomo.uasset" 414
"../../../Engine/Content/EditorMaterials/MatineeGroups/MAT_Groups_Slomo.uexp" 415
"../../../Engine/Content/EditorMaterials/MatineeGroups/MAT_Groups_Sound.uasset" 416
"../../../Engine/Content/EditorMaterials/MatineeGroups/MAT_Groups_Sound.uexp" 417
"../../../Engine/Content/EditorMaterials/MatineeGroups/MAT_Groups_Vector.uasset" 418
"../../../Engine/Content/EditorMaterials/MatineeGroups/MAT_Groups_Vector.uexp" 419
"../../../Engine/Content/EditorMaterials/ParticleSystems/PSysThumbnail_NoImage.uasset" 420
"../../../Engine/Content/EditorMaterials/ParticleSystems/PSysThumbnail_NoImage.uexp" 421
"../../../Engine/Content/EditorMaterials/ParticleSystems/PSysThumbnail_NoImage.ubulk" 422
"../../../Engine/Content/EditorMaterials/ParticleSystems/PSysThumbnail_OOD.uasset" 423
"../../../Engine/Content/EditorMaterials/ParticleSystems/PSysThumbnail_OOD.uexp" 424
"../../../Engine/Content/EditorMaterials/ParticleSystems/PSysThumbnail_OOD.ubulk" 425
"../../../Engine/Content/EditorMaterials/Camera/CineMat.uasset" 426
"../../../Engine/Content/EditorMaterials/Camera/CineMat.uexp" 427
"../../../Engine/Content/EditorMaterials/Camera/MI_CineMat_Rig.uasset" 428
"../../../Engine/Content/EditorMaterials/Camera/MI_CineMat_Rig.uexp" 429
"../../../Engine/Content/EditorMeshes/Camera/SM_CraneRig_Arm.uasset" 430
"../../../Engine/Content/EditorMeshes/Camera/SM_CraneRig_Arm.uexp" 431
"../../../Engine/Content/EditorMeshes/Camera/SM_CraneRig_Base.uasset" 432
"../../../Engine/Content/EditorMeshes/Camera/SM_CraneRig_Base.uexp" 433
"../../../Engine/Content/EditorMeshes/Camera/SM_CraneRig_Body.uasset" 434
"../../../Engine/Content/EditorMeshes/Camera/SM_CraneRig_Body.uexp" 435
"../../../Engine/Content/EditorMeshes/Camera/SM_CraneRig_Mount.uasset" 436
"../../../Engine/Content/EditorMeshes/Camera/SM_CraneRig_Mount.uexp" 437
"../../../Engine/Content/EditorMeshes/Camera/SM_RailRig_Mount.uasset" 438
"../../../Engine/Content/EditorMeshes/Camera/SM_RailRig_Mount.uexp" 439
"../../../Engine/Content/EditorMeshes/Camera/SM_RailRig_Track.uasset" 440
"../../../Engine/Content/EditorMeshes/Camera/SM_RailRig_Track.uexp" 441
"../../../Engine/Content/EditorResources/BSPVertex.uasset" 442
"../../../Engine/Content/EditorResources/BSPVertex.uexp" 443
"../../../Engine/Content/EditorResources/EmptyActor.uasset" 444
"../../../Engine/Content/EditorResources/EmptyActor.uexp" 445
"../../../Engine/Content/EditorResources/S_Actor.uasset" 446
"../../../Engine/Content/EditorResources/S_Actor.uexp" 447
"../../../Engine/Content/EditorResources/S_Actor.ubulk" 448
"../../../Engine/Content/EditorResources/S_Note.uasset" 449
"../../../Engine/Content/EditorResources/S_Note.uexp" 450
"../../../Engine/Content/EditorResources/S_Note.ubulk" 451
"../../../Engine/Content/EditorResources/S_Solver.uasset" 452
"../../../Engine/Content/EditorResources/S_Solver.uexp" 453
"../../../Engine/Content/EditorResources/S_Solver.ubulk" 454
"../../../Engine/Content/EditorResources/S_Terrain.uasset" 455
"../../../Engine/Content/EditorResources/S_Terrain.uexp" 456
"../../../Engine/Content/EditorResources/S_Terrain.ubulk" 457
"../../../Engine/Content/EditorResources/S_Trigger.uasset" 458
"../../../Engine/Content/EditorResources/S_Trigger.uexp" 459
"../../../Engine/Content/EditorResources/S_Trigger.ubulk" 460
"../../../Engine/Content/EditorResources/LightIcons/S_LightError.uasset" 461
"../../../Engine/Content/EditorResources/LightIcons/S_LightError.uexp" 462
"../../../Engine/Content/EditorResources/SequenceRecorder/Countdown.uasset" 463
"../../../Engine/Content/EditorResources/SequenceRecorder/Countdown.uexp" 464
"../../../Engine/Content/EditorResources/SequenceRecorder/RecordingIndicator.uasset" 465
"../../../Engine/Content/EditorResources/SequenceRecorder/RecordingIndicator.uexp" 466
"../../../Engine/Content/EngineDamageTypes/DmgTypeBP_Environmental.uasset" 467
"../../../Engine/Content/EngineDamageTypes/DmgTypeBP_Environmental.uexp" 468
"../../../Engine/Content/EngineDebugMaterials/DebugEditorMaterial.uasset" 469
"../../../Engine/Content/EngineDebugMaterials/DebugEditorMaterial.uexp" 470
"../../../Engine/Content/EngineDebugMaterials/DebugMeshMaterial.uasset" 471
"../../../Engine/Content/EngineDebugMaterials/DebugMeshMaterial.uexp" 472
"../../../Engine/Content/EngineDebugMaterials/M_SimpleUnlitTranslucent.uasset" 473
"../../../Engine/Content/EngineDebugMaterials/M_SimpleUnlitTranslucent.uexp" 474
"../../../Engine/Content/EngineDebugMaterials/VolumeToRender.uasset" 475
"../../../Engine/Content/EngineDebugMaterials/VolumeToRender.uexp" 476
"../../../Engine/Content/Functions/Engine_MaterialFunctions02/Utility/CameraDirectionVector.uasset" 477
"../../../Engine/Content/Functions/Engine_MaterialFunctions02/Utility/CameraDirectionVector.uexp" 478
"../../../Engine/Content/EngineDebugMaterials/M_VolumeRenderSphereTracePP.uasset" 479
"../../../Engine/Content/EngineDebugMaterials/M_VolumeRenderSphereTracePP.uexp" 480
"../../../Engine/Content/Functions/Engine_MaterialFunctions01/Shading/ConvertFromDiffSpec.uasset" 481
"../../../Engine/Content/Functions/Engine_MaterialFunctions01/Shading/ConvertFromDiffSpec.uexp" 482
"../../../Engine/Content/EngineDebugMaterials/VertexColorMaterial.uasset" 483
"../../../Engine/Content/EngineDebugMaterials/VertexColorMaterial.uexp" 484
"../../../Engine/Content/EngineDebugMaterials/WireframeMaterial.uasset" 485
"../../../Engine/Content/EngineDebugMaterials/WireframeMaterial.uexp" 486
"../../../Engine/Content/EngineFonts/Faces/RobotoRegular.uasset" 487
"../../../Engine/Content/EngineFonts/Faces/RobotoRegular.uexp" 488
"../../../Engine/Content/EngineFonts/Faces/RobotoRegular.ufont" 489
"../../../Engine/Content/EngineFonts/Faces/RobotoLight.uasset" 490
"../../../Engine/Content/EngineFonts/Faces/RobotoLight.uexp" 491
"../../../Engine/Content/EngineFonts/Faces/RobotoLight.ufont" 492
"../../../Engine/Content/EngineFonts/Faces/RobotoItalic.uasset" 493
"../../../Engine/Content/EngineFonts/Faces/RobotoItalic.uexp" 494
"../../../Engine/Content/EngineFonts/Faces/RobotoItalic.ufont" 495
"../../../Engine/Content/EngineFonts/Faces/RobotoBoldItalic.uasset" 496
"../../../Engine/Content/EngineFonts/Faces/RobotoBoldItalic.uexp" 497
"../../../Engine/Content/EngineFonts/Faces/RobotoBoldItalic.ufont" 498
"../../../Engine/Content/EngineFonts/Faces/RobotoBold.uasset" 499
"../../../Engine/Content/EngineFonts/Faces/RobotoBold.uexp" 500
"../../../Engine/Content/EngineFonts/Faces/RobotoBold.ufont" 501
"../../../Engine/Content/EngineFonts/Faces/DroidSansFallback.uasset" 502
"../../../Engine/Content/EngineFonts/Faces/DroidSansFallback.uexp" 503
"../../../Engine/Content/EngineFonts/Faces/DroidSansFallback.ufont" 504
"../../../Engine/Content/EngineFonts/Roboto.uasset" 505
"../../../Engine/Content/EngineFonts/Roboto.uexp" 506
"../../../Engine/Content/EngineMaterials/BaseFlattenNormalMap.uasset" 507
"../../../Engine/Content/EngineMaterials/BaseFlattenNormalMap.uexp" 508
"../../../Engine/Content/EngineMaterials/BaseFlattenGrayscaleMap.uasset" 509
"../../../Engine/Content/EngineMaterials/BaseFlattenGrayscaleMap.uexp" 510
"../../../Engine/Content/EngineMaterials/BaseFlattenEmissiveMap.uasset" 511
"../../../Engine/Content/EngineMaterials/BaseFlattenEmissiveMap.uexp" 512
"../../../Engine/Content/EngineMaterials/BaseFlattenDiffuseMap.uasset" 513
"../../../Engine/Content/EngineMaterials/BaseFlattenDiffuseMap.uexp" 514
"../../../Engine/Content/EngineMaterials/BaseFlattenMaterial.uasset" 515
"../../../Engine/Content/EngineMaterials/BaseFlattenMaterial.uexp" 516
"../../../Engine/Content/EngineMaterials/BlueNoise.uasset" 517
"../../../Engine/Content/EngineMaterials/BlueNoise.uexp" 518
"../../../Engine/Content/EngineMaterials/DefaultBloomKernel.uasset" 519
"../../../Engine/Content/EngineMaterials/DefaultBloomKernel.uexp" 520
"../../../Engine/Content/EngineMaterials/DefaultBokeh.uasset" 521
"../../../Engine/Content/EngineMaterials/DefaultBokeh.uexp" 522
"../../../Engine/Content/EngineMaterials/DefaultDiffuse.uasset" 523
"../../../Engine/Content/EngineMaterials/DefaultDiffuse.uexp" 524
"../../../Engine/Content/EngineMaterials/DefaultDiffuse.ubulk" 525
"../../../Engine/Content/EngineMaterials/DefaultDeferredDecalMaterial.uasset" 526
"../../../Engine/Content/EngineMaterials/DefaultDeferredDecalMaterial.uexp" 527
"../../../Engine/Content/EngineMaterials/DefaultLightFunctionMaterial.uasset" 528
"../../../Engine/Content/EngineMaterials/DefaultLightFunctionMaterial.uexp" 529
"../../../Engine/Content/EngineMaterials/DefaultNormal.uasset" 530
"../../../Engine/Content/EngineMaterials/DefaultNormal.uexp" 531
"../../../Engine/Content/EngineMaterials/DefaultNormal.ubulk" 532
"../../../Engine/Content/EngineMaterials/DefaultPhysicalMaterial.uasset" 533
"../../../Engine/Content/EngineMaterials/DefaultPhysicalMaterial.uexp" 534
"../../../Engine/Content/Functions/Engine_MaterialFunctions02/Utility/BreakOutFloat2Components.uasset" 535
"../../../Engine/Content/Functions/Engine_MaterialFunctions02/Utility/BreakOutFloat2Components.uexp" 536
"../../../Engine/Content/EngineMaterials/DefaultPostProcessMaterial.uasset" 537
"../../../Engine/Content/EngineMaterials/DefaultPostProcessMaterial.uexp" 538
"../../../Engine/Content/EngineFonts/RobotoDistanceField.uasset" 539
"../../../Engine/Content/EngineFonts/RobotoDistanceField.uexp" 540
"../../../Engine/Content/EngineMaterials/DefaultTextMaterialOpaque.uasset" 541
"../../../Engine/Content/EngineMaterials/DefaultTextMaterialOpaque.uexp" 542
"../../../Engine/Content/EngineMaterials/DefaultWhiteGrid.uasset" 543
"../../../Engine/Content/EngineMaterials/DefaultWhiteGrid.uexp" 544
"../../../Engine/Content/EngineMaterials/DefaultWhiteGrid.ubulk" 545
"../../../Engine/Content/EngineMaterials/DefaultWhiteGrid_Low.uasset" 546
"../../../Engine/Content/EngineMaterials/DefaultWhiteGrid_Low.uexp" 547
"../../../Engine/Content/EngineMaterials/EmissiveMeshMaterial.uasset" 548
"../../../Engine/Content/EngineMaterials/EmissiveMeshMaterial.uexp" 549
"../../../Engine/Content/EngineMaterials/GizmoMaterial.uasset" 550
"../../../Engine/Content/EngineMaterials/GizmoMaterial.uexp" 551
"../../../Engine/Content/EngineMaterials/Good64x64TilingNoiseHighFreq.uasset" 552
"../../../Engine/Content/EngineMaterials/Good64x64TilingNoiseHighFreq.uexp" 553
"../../../Engine/Content/EngineMaterials/MiniFont.uasset" 554
"../../../Engine/Content/EngineMaterials/MiniFont.uexp" 555
"../../../Engine/Content/EngineMaterials/InvalidLightmapSettings.uasset" 556
"../../../Engine/Content/EngineMaterials/InvalidLightmapSettings.uexp" 557
"../../../Engine/Content/EngineMaterials/InvalidLightmapSettings.ubulk" 558
"../../../Engine/Content/EngineMaterials/M_InvalidLightmapSettings.uasset" 559
"../../../Engine/Content/EngineMaterials/M_InvalidLightmapSettings.uexp" 560
"../../../Engine/Content/Functions/Engine_MaterialFunctions02/WorldPositionOffset/CameraOffset.uasset" 561
"../../../Engine/Content/Functions/Engine_MaterialFunctions02/WorldPositionOffset/CameraOffset.uexp" 562
"../../../Engine/Content/EngineMaterials/PhAT_JointLimitMaterial.uasset" 563
"../../../Engine/Content/EngineMaterials/PhAT_JointLimitMaterial.uexp" 564
"../../../Engine/Content/EngineMaterials/DefaultCalibrationColor.uasset" 565
"../../../Engine/Content/EngineMaterials/DefaultCalibrationColor.uexp" 566
"../../../Engine/Content/EngineMaterials/PPM_DefaultCalibrationColor.uasset" 567
"../../../Engine/Content/EngineMaterials/PPM_DefaultCalibrationColor.uexp" 568
"../../../Engine/Content/EngineMaterials/DefaultCalibrationGrayscale.uasset" 569
"../../../Engine/Content/EngineMaterials/DefaultCalibrationGrayscale.uexp" 570
"../../../Engine/Content/EngineMaterials/PPM_DefaultCalibrationGrayscale.uasset" 571
"../../../Engine/Content/EngineMaterials/PPM_DefaultCalibrationGrayscale.uexp" 572
"../../../Engine/Content/EngineMaterials/PreintegratedSkinBRDF.uasset" 573
"../../../Engine/Content/EngineMaterials/PreintegratedSkinBRDF.uexp" 574
"../../../Engine/Content/EngineMaterials/RemoveSurfaceMaterial.uasset" 575
"../../../Engine/Content/EngineMaterials/RemoveSurfaceMaterial.uexp" 576
"../../../Engine/Content/EngineMaterials/WeightMapPlaceholderTexture.uasset" 577
"../../../Engine/Content/EngineMaterials/WeightMapPlaceholderTexture.uexp" 578
"../../../Engine/Content/EngineResources/WhiteSquareTexture.uasset" 579
"../../../Engine/Content/EngineResources/WhiteSquareTexture.uexp" 580
"../../../Engine/Content/EngineMaterials/Widget3DPassThrough.uasset" 581
"../../../Engine/Content/EngineMaterials/Widget3DPassThrough.uexp" 582
"../../../Engine/Content/EngineMaterials/Widget3DPassThrough_Masked.uasset" 583
"../../../Engine/Content/EngineMaterials/Widget3DPassThrough_Masked.uexp" 584
"../../../Engine/Content/EngineMaterials/Widget3DPassThrough_Opaque.uasset" 585
"../../../Engine/Content/EngineMaterials/Widget3DPassThrough_Opaque.uexp" 586
"../../../Engine/Content/EngineMaterials/Widget3DPassThrough_Masked_OneSided.uasset" 587
"../../../Engine/Content/EngineMaterials/Widget3DPassThrough_Masked_OneSided.uexp" 588
"../../../Engine/Content/EngineMaterials/Widget3DPassThrough_Opaque_OneSided.uasset" 589
"../../../Engine/Content/EngineMaterials/Widget3DPassThrough_Opaque_OneSided.uexp" 590
"../../../Engine/Content/EngineMaterials/Widget3DPassThrough_Translucent.uasset" 591
"../../../Engine/Content/EngineMaterials/Widget3DPassThrough_Translucent.uexp" 592
"../../../Engine/Content/EngineMaterials/Widget3DPassThrough_Translucent_OneSided.uasset" 593
"../../../Engine/Content/EngineMaterials/Widget3DPassThrough_Translucent_OneSided.uexp" 594
"../../../Engine/Content/EngineMeshes/Cylinder.uasset" 595
"../../../Engine/Content/EngineMeshes/Cylinder.uexp" 596
"../../../Engine/Content/EngineMeshes/Sphere.uasset" 597
"../../../Engine/Content/EngineMeshes/Sphere.uexp" 598
"../../../Engine/Content/EngineResources/DefaultTexture.uasset" 599
"../../../Engine/Content/EngineResources/DefaultTexture.uexp" 600
"../../../Engine/Content/EngineResources/DefaultTexture.ubulk" 601
"../../../Engine/Content/EngineResources/DefaultTextureCube.uasset" 602
"../../../Engine/Content/EngineResources/DefaultTextureCube.uexp" 603
"../../../Engine/Content/EngineResources/DefaultVolumeTexture2D.uasset" 604
"../../../Engine/Content/EngineResources/DefaultVolumeTexture2D.uexp" 605
"../../../Engine/Content/EngineResources/DefaultVolumeTexture.uasset" 606
"../../../Engine/Content/EngineResources/DefaultVolumeTexture.uexp" 607
"../../../Engine/Content/EngineResources/GradientTexture0.uasset" 608
"../../../Engine/Content/EngineResources/GradientTexture0.uexp" 609
"../../../Engine/Content/EngineSky/VolumetricClouds/T_NoiseShape64.uasset" 610
"../../../Engine/Content/EngineSky/VolumetricClouds/T_NoiseShape64.uexp" 611
"../../../Engine/Content/EngineSky/VolumetricClouds/T_NoiseShape64.ubulk" 612
"../../../Engine/Content/EngineSky/VolumetricClouds/T_VolumeNoiseShape64.uasset" 613
"../../../Engine/Content/EngineSky/VolumetricClouds/T_VolumeNoiseShape64.uexp" 614
"../../../Engine/Content/EngineSky/VolumetricClouds/T_NoiseErosion.uasset" 615
"../../../Engine/Content/EngineSky/VolumetricClouds/T_NoiseErosion.uexp" 616
"../../../Engine/Content/EngineSky/VolumetricClouds/T_NoiseErosion.ubulk" 617
"../../../Engine/Content/EngineSky/VolumetricClouds/T_VolumeNoiseErosion32.uasset" 618
"../../../Engine/Content/EngineSky/VolumetricClouds/T_VolumeNoiseErosion32.uexp" 619
"../../../Engine/Content/EngineSky/VolumetricClouds/CloudWeatherTexture.uasset" 620
"../../../Engine/Content/EngineSky/VolumetricClouds/CloudWeatherTexture.uexp" 621
"../../../Engine/Content/EngineSky/VolumetricClouds/CloudGradientTexture.uasset" 622
"../../../Engine/Content/EngineSky/VolumetricClouds/CloudGradientTexture.uexp" 623
"../../../Engine/Content/Functions/Engine_MaterialFunctions02/Utility/MakeFloat2.uasset" 624
"../../../Engine/Content/Functions/Engine_MaterialFunctions02/Utility/MakeFloat2.uexp" 625
"../../../Engine/Content/EngineSky/VolumetricClouds/m_SimpleVolumetricCloud.uasset" 626
"../../../Engine/Content/EngineSky/VolumetricClouds/m_SimpleVolumetricCloud.uexp" 627
"../../../Engine/Content/EngineSky/VolumetricClouds/m_SimpleVolumetricCloud_Inst.uasset" 628
"../../../Engine/Content/EngineSky/VolumetricClouds/m_SimpleVolumetricCloud_Inst.uexp" 629
"../../../Engine/Content/EngineSounds/Master.uasset" 630
"../../../Engine/Content/EngineSounds/Master.uexp" 631
"../../../Engine/Content/Functions/Engine_MaterialFunctions01/Shading/PowerToRoughness.uasset" 632
"../../../Engine/Content/Functions/Engine_MaterialFunctions01/Shading/PowerToRoughness.uexp" 633
"../../../Engine/Content/Maps/Templates/Thumbnails/Default.uasset" 634
"../../../Engine/Content/Maps/Templates/Thumbnails/Default.uexp" 635
"../../../Engine/Content/Maps/Templates/Thumbnails/TimeOfDay.uasset" 636
"../../../Engine/Content/Maps/Templates/Thumbnails/TimeOfDay.uexp" 637
"../../../Engine/Content/Maps/Templates/Thumbnails/VR-Basic.uasset" 638
"../../../Engine/Content/Maps/Templates/Thumbnails/VR-Basic.uexp" 639
"../../../Engine/Content/MobileResources/T_MobileControls_texture.uasset" 640
"../../../Engine/Content/MobileResources/T_MobileControls_texture.uexp" 641
"../../../Engine/Content/MobileResources/T_MobileMenu2.uasset" 642
"../../../Engine/Content/MobileResources/T_MobileMenu2.uexp" 643
"../../../Engine/Content/MobileResources/HUD/AnalogHat.uasset" 644
"../../../Engine/Content/MobileResources/HUD/AnalogHat.uexp" 645
"../../../Engine/Content/MobileResources/HUD/VirtualJoystick_Thumb.uasset" 646
"../../../Engine/Content/MobileResources/HUD/VirtualJoystick_Thumb.uexp" 647
"../../../Engine/Content/MobileResources/HUD/VirtualJoystick_Background.uasset" 648
"../../../Engine/Content/MobileResources/HUD/VirtualJoystick_Background.uexp" 649
"../../../Engine/Content/MobileResources/HUD/DefaultVirtualJoysticks.uasset" 650
"../../../Engine/Content/MobileResources/HUD/DefaultVirtualJoysticks.uexp" 651
"../../../Engine/Content/MobileResources/HUD/LeftVirtualJoystickOnly.uasset" 652
"../../../Engine/Content/MobileResources/HUD/LeftVirtualJoystickOnly.uexp" 653
"../../../Engine/Content/MobileResources/HUD/MobileHUDButton1_off.uasset" 654
"../../../Engine/Content/MobileResources/HUD/MobileHUDButton1_off.uexp" 655
"../../../Engine/Content/MobileResources/HUD/MobileHUDButton1_on.uasset" 656
"../../../Engine/Content/MobileResources/HUD/MobileHUDButton1_on.uexp" 657
"../../../Engine/Content/MobileResources/HUD/MobileHUDButton2_off.uasset" 658
"../../../Engine/Content/MobileResources/HUD/MobileHUDButton2_off.uexp" 659
"../../../Engine/Content/MobileResources/HUD/MobileHUDButton2_on.uasset" 660
"../../../Engine/Content/MobileResources/HUD/MobileHUDButton2_on.uexp" 661
"../../../Engine/Content/MobileResources/HUD/MobileHUDButton3.uasset" 662
"../../../Engine/Content/MobileResources/HUD/MobileHUDButton3.uexp" 663
"../../../Engine/Content/MobileResources/HUD/MobileHUDButtonFire.uasset" 664
"../../../Engine/Content/MobileResources/HUD/MobileHUDButtonFire.uexp" 665
"../../../Engine/Content/MobileResources/HUD/MobileHUDDirectionPad.uasset" 666
"../../../Engine/Content/MobileResources/HUD/MobileHUDDirectionPad.uexp" 667
"../../../Engine/Content/MobileResources/HUD/MobileHUDDirectionPad2.uasset" 668
"../../../Engine/Content/MobileResources/HUD/MobileHUDDirectionPad2.uexp" 669
"../../../Engine/Content/MobileResources/HUD/MobileHUDDirectionPad3.uasset" 670
"../../../Engine/Content/MobileResources/HUD/MobileHUDDirectionPad3.uexp" 671
"../../../Engine/Content/MobileResources/HUD/MobileHUDDirectionStick.uasset" 672
"../../../Engine/Content/MobileResources/HUD/MobileHUDDirectionStick.uexp" 673
"../../../Engine/Content/MobileResources/HUD/T_Castle_ThumbstickInner.uasset" 674
"../../../Engine/Content/MobileResources/HUD/T_Castle_ThumbstickInner.uexp" 675
"../../../Engine/Content/MobileResources/HUD/T_Castle_ThumbstickOutter.uasset" 676
"../../../Engine/Content/MobileResources/HUD/T_Castle_ThumbstickOutter.uexp" 677
"../../../Engine/Content/Tutorial/ContentIntroCurve.uasset" 678
"../../../Engine/Content/Tutorial/ContentIntroCurve.uexp" 679
"../../../Engine/Content/Tutorial/Basics/TutorialAssets/icon_tab_Levels_40x.uasset" 680
"../../../Engine/Content/Tutorial/Basics/TutorialAssets/icon_tab_Levels_40x.uexp" 681
"../../../Engine/Content/Tutorial/BlueprintTutorials/TutorialAssets/Blueprint_64x.uasset" 682
"../../../Engine/Content/Tutorial/BlueprintTutorials/TutorialAssets/Blueprint_64x.uexp" 683
"../../../Engine/Content/VREditor/TransformGizmo/TranslucentTransformGizmoMaterial.uasset" 684
"../../../Engine/Content/VREditor/TransformGizmo/TranslucentTransformGizmoMaterial.uexp" 685
"../../../Engine/Content/VREditor/LaserPointer/VR_LaserPower_01.uasset" 686
"../../../Engine/Content/VREditor/LaserPointer/VR_LaserPower_01.uexp" 687
"../../../Engine/Content/VREditor/LaserPointer/VR_LaserPower_01.ubulk" 688
"../../../Engine/Content/VREditor/TransformGizmo/TransformGizmoMaterial.uasset" 689
"../../../Engine/Content/VREditor/TransformGizmo/TransformGizmoMaterial.uexp" 690
"../../../Engine/Content/VREditor/TransformGizmo/BoundingBoxCorner.uasset" 691
"../../../Engine/Content/VREditor/TransformGizmo/BoundingBoxCorner.uexp" 692
"../../../Engine/Content/VREditor/TransformGizmo/BoundingBoxEdge.uasset" 693
"../../../Engine/Content/VREditor/TransformGizmo/BoundingBoxEdge.uexp" 694
"../../../Engine/Content/VREditor/TransformGizmo/PlaneTranslationHandle.uasset" 695
"../../../Engine/Content/VREditor/TransformGizmo/PlaneTranslationHandle.uexp" 696
"../../../Engine/Content/VREditor/TransformGizmo/Xray.uasset" 697
"../../../Engine/Content/VREditor/TransformGizmo/Xray.uexp" 698
"../../../Engine/Content/VREditor/TransformGizmo/Main.uasset" 699
"../../../Engine/Content/VREditor/TransformGizmo/Main.uexp" 700
"../../../Engine/Content/VREditor/TransformGizmo/SM_Sequencer_Key.uasset" 701
"../../../Engine/Content/VREditor/TransformGizmo/SM_Sequencer_Key.uexp" 702
"../../../Engine/Content/VREditor/TransformGizmo/SM_Sequencer_Node.uasset" 703
"../../../Engine/Content/VREditor/TransformGizmo/SM_Sequencer_Node.uexp" 704
"../../../Engine/Plugins/2D/Paper2D/Content/PlaceholderTextures/DummySpriteTexture.uasset" 705
"../../../Engine/Plugins/2D/Paper2D/Content/PlaceholderTextures/DummySpriteTexture.uexp" 706
"../../../Engine/Plugins/2D/Paper2D/Content/PlaceholderTextures/DummySpriteTexture.ubulk" 707
"../../../Engine/Plugins/2D/Paper2D/Content/DummySprite.uasset" 708
"../../../Engine/Plugins/2D/Paper2D/Content/DummySprite.uexp" 709
"../../../Engine/Plugins/2D/Paper2D/Content/DefaultPaperTerrainMaterial.uasset" 710
"../../../Engine/Plugins/2D/Paper2D/Content/DefaultPaperTerrainMaterial.uexp" 711
"../../../Engine/Plugins/2D/Paper2D/Content/DefaultSpriteMaterial.uasset" 712
"../../../Engine/Plugins/2D/Paper2D/Content/DefaultSpriteMaterial.uexp" 713
"../../../Engine/Plugins/2D/Paper2D/Content/MaskedUnlitSpriteMaterial.uasset" 714
"../../../Engine/Plugins/2D/Paper2D/Content/MaskedUnlitSpriteMaterial.uexp" 715
"../../../Engine/Plugins/2D/Paper2D/Content/OpaqueUnlitSpriteMaterial.uasset" 716
"../../../Engine/Plugins/2D/Paper2D/Content/OpaqueUnlitSpriteMaterial.uexp" 717
"../../../Engine/Content/Functions/Engine_MaterialFunctions02/Utility/BreakOutFloat3Components.uasset" 718
"../../../Engine/Content/Functions/Engine_MaterialFunctions02/Utility/BreakOutFloat3Components.uexp" 719
"../../../Engine/Plugins/Editor/SpeedTreeImporter/Content/SpeedTree9/UnpackInteger3.uasset" 720
"../../../Engine/Plugins/Editor/SpeedTreeImporter/Content/SpeedTree9/UnpackInteger3.uexp" 721
"../../../Engine/Plugins/Editor/SpeedTreeImporter/Content/SpeedTree9/UnpackDirection.uasset" 722
"../../../Engine/Plugins/Editor/SpeedTreeImporter/Content/SpeedTree9/UnpackDirection.uexp" 723
"../../../Engine/Plugins/Editor/SpeedTreeImporter/Content/SpeedTree9/game_wind_noise.uasset" 724
"../../../Engine/Plugins/Editor/SpeedTreeImporter/Content/SpeedTree9/game_wind_noise.uexp" 725
"../../../Engine/Plugins/Editor/SpeedTreeImporter/Content/SpeedTree9/game_wind_noise.ubulk" 726
"../../../Engine/Content/Functions/Engine_MaterialFunctions02/SafeNormalize.uasset" 727
"../../../Engine/Content/Functions/Engine_MaterialFunctions02/SafeNormalize.uexp" 728
"../../../Engine/Plugins/Editor/SpeedTreeImporter/Content/SpeedTree9/SpeedTreeWindMotion.uasset" 729
"../../../Engine/Plugins/Editor/SpeedTreeImporter/Content/SpeedTree9/SpeedTreeWindMotion.uexp" 730
"../../../Engine/Plugins/Editor/SpeedTreeImporter/Content/SpeedTree9/SpeedTreeBranchMotion.uasset" 731
"../../../Engine/Plugins/Editor/SpeedTreeImporter/Content/SpeedTree9/SpeedTreeBranchMotion.uexp" 732
"../../../Engine/Content/Functions/Engine_MaterialFunctions02/ObjectLocalBounds.uasset" 733
"../../../Engine/Content/Functions/Engine_MaterialFunctions02/ObjectLocalBounds.uexp" 734
"../../../Engine/Content/Functions/Engine_MaterialFunctions02/UVs/BoundingBoxBased_0-1_UVW.uasset" 735
"../../../Engine/Content/Functions/Engine_MaterialFunctions02/UVs/BoundingBoxBased_0-1_UVW.uexp" 736
"../../../Engine/Content/Functions/Engine_MaterialFunctions02/Utility/VectorLength.uasset" 737
"../../../Engine/Content/Functions/Engine_MaterialFunctions02/Utility/VectorLength.uexp" 738
"../../../Engine/Content/Functions/Engine_MaterialFunctions02/WorldPositionOffset/ObjectScale.uasset" 739
"../../../Engine/Content/Functions/Engine_MaterialFunctions02/WorldPositionOffset/ObjectScale.uexp" 740
"../../../Engine/Plugins/Editor/SpeedTreeImporter/Content/SpeedTree9/SpeedTreeWind.uasset" 741
"../../../Engine/Plugins/Editor/SpeedTreeImporter/Content/SpeedTree9/SpeedTreeWind.uexp" 742
"../../../Engine/Plugins/Editor/SpeedTreeImporter/Content/SpeedTree9/SpeedTreeBillboard.uasset" 743
"../../../Engine/Plugins/Editor/SpeedTreeImporter/Content/SpeedTree9/SpeedTreeBillboard.uexp" 744
"../../../Engine/Plugins/Editor/SpeedTreeImporter/Content/SpeedTree9/EmptyNormal.uasset" 745
"../../../Engine/Plugins/Editor/SpeedTreeImporter/Content/SpeedTree9/EmptyNormal.uexp" 746
"../../../Engine/Plugins/Editor/SpeedTreeImporter/Content/SpeedTree9/Empty.uasset" 747
"../../../Engine/Plugins/Editor/SpeedTreeImporter/Content/SpeedTree9/Empty.uexp" 748
"../../../Engine/Plugins/Editor/SpeedTreeImporter/Content/SpeedTree9/SpeedTreeBillboardMaster.uasset" 749
"../../../Engine/Plugins/Editor/SpeedTreeImporter/Content/SpeedTree9/SpeedTreeBillboardMaster.uexp" 750
"../../../Engine/Plugins/Editor/SpeedTreeImporter/Content/SpeedTree9/SpeedTreeCameraFacing.uasset" 751
"../../../Engine/Plugins/Editor/SpeedTreeImporter/Content/SpeedTree9/SpeedTreeCameraFacing.uexp" 752
"../../../Engine/Plugins/Editor/SpeedTreeImporter/Content/SpeedTree9/SpeedTreeMaster.uasset" 753
"../../../Engine/Plugins/Editor/SpeedTreeImporter/Content/SpeedTree9/SpeedTreeMaster.uexp" 754
"../../../Engine/Content/ArtTools/RenderToTexture/Materials/Debug/M_Emissive_Color.uasset" 755
"../../../Engine/Content/ArtTools/RenderToTexture/Materials/Debug/M_Emissive_Color.uexp" 756
"../../../Engine/Content/BasicShapes/Cylinder.uasset" 757
"../../../Engine/Content/BasicShapes/Cylinder.uexp" 758
"../../../Engine/Plugins/Lumin/MagicLeapPassableWorld/Content/MagicLeapARPinInfoActor.uasset" 759
"../../../Engine/Plugins/Lumin/MagicLeapPassableWorld/Content/MagicLeapARPinInfoActor.uexp" 760
"../../../Engine/Plugins/Runtime/OpenXR/Content/Devices/GoogleDaydream/MRTexture.uasset" 761
"../../../Engine/Plugins/Runtime/OpenXR/Content/Devices/GoogleDaydream/MRTexture.uexp" 762
"../../../Engine/Plugins/Runtime/OpenXR/Content/Devices/GoogleDaydream/MRTexture.ubulk" 763
"../../../Engine/Plugins/Runtime/OpenXR/Content/Devices/GoogleDaydream/BaseTexture.uasset" 764
"../../../Engine/Plugins/Runtime/OpenXR/Content/Devices/GoogleDaydream/BaseTexture.uexp" 765
"../../../Engine/Plugins/Runtime/OpenXR/Content/Devices/GoogleDaydream/BaseTexture.ubulk" 766
"../../../Engine/Content/EngineResources/Black.uasset" 767
"../../../Engine/Content/EngineResources/Black.uexp" 768
"../../../Engine/Plugins/Runtime/OpenXR/Content/Devices/M_XRController.uasset" 769
"../../../Engine/Plugins/Runtime/OpenXR/Content/Devices/M_XRController.uexp" 770
"../../../Engine/Plugins/Runtime/OpenXR/Content/Devices/GoogleDaydream/MI_GoogleDaydream.uasset" 771
"../../../Engine/Plugins/Runtime/OpenXR/Content/Devices/GoogleDaydream/MI_GoogleDaydream.uexp" 772
"../../../Engine/Plugins/Runtime/OpenXR/Content/Devices/GoogleDaydream/GoogleDaydreamController.uasset" 773
"../../../Engine/Plugins/Runtime/OpenXR/Content/Devices/GoogleDaydream/GoogleDaydreamController.uexp" 774
"../../../Engine/Plugins/Runtime/OpenXR/Content/Devices/HTCVive/BaseTexture.uasset" 775
"../../../Engine/Plugins/Runtime/OpenXR/Content/Devices/HTCVive/BaseTexture.uexp" 776
"../../../Engine/Plugins/Runtime/OpenXR/Content/Devices/HTCVive/BaseTexture.ubulk" 777
"../../../Engine/Plugins/Runtime/OpenXR/Content/Devices/HTCVive/MI_HTCVive.uasset" 778
"../../../Engine/Plugins/Runtime/OpenXR/Content/Devices/HTCVive/MI_HTCVive.uexp" 779
"../../../Engine/Plugins/Runtime/OpenXR/Content/Devices/HTCVive/HTCViveController.uasset" 780
"../../../Engine/Plugins/Runtime/OpenXR/Content/Devices/HTCVive/HTCViveController.uexp" 781
"../../../Engine/Plugins/Runtime/OpenXR/Content/Devices/MicrosoftMixedReality/NormalTexture.uasset" 782
"../../../Engine/Plugins/Runtime/OpenXR/Content/Devices/MicrosoftMixedReality/NormalTexture.uexp" 783
"../../../Engine/Plugins/Runtime/OpenXR/Content/Devices/MicrosoftMixedReality/NormalTexture.ubulk" 784
"../../../Engine/Plugins/Runtime/OpenXR/Content/Devices/MicrosoftMixedReality/MRTexture.uasset" 785
"../../../Engine/Plugins/Runtime/OpenXR/Content/Devices/MicrosoftMixedReality/MRTexture.uexp" 786
"../../../Engine/Plugins/Runtime/OpenXR/Content/Devices/MicrosoftMixedReality/MRTexture.ubulk" 787
"../../../Engine/Plugins/Runtime/OpenXR/Content/Devices/MicrosoftMixedReality/EmissiveTexture.uasset" 788
"../../../Engine/Plugins/Runtime/OpenXR/Content/Devices/MicrosoftMixedReality/EmissiveTexture.uexp" 789
"../../../Engine/Plugins/Runtime/OpenXR/Content/Devices/MicrosoftMixedReality/EmissiveTexture.ubulk" 790
"../../../Engine/Plugins/Runtime/OpenXR/Content/Devices/MicrosoftMixedReality/BaseTexture.uasset" 791
"../../../Engine/Plugins/Runtime/OpenXR/Content/Devices/MicrosoftMixedReality/BaseTexture.uexp" 792
"../../../Engine/Plugins/Runtime/OpenXR/Content/Devices/MicrosoftMixedReality/BaseTexture.ubulk" 793
"../../../Engine/Plugins/Runtime/OpenXR/Content/Devices/MicrosoftMixedReality/MI_MicrosoftMixedReality.uasset" 794
"../../../Engine/Plugins/Runtime/OpenXR/Content/Devices/MicrosoftMixedReality/MI_MicrosoftMixedReality.uexp" 795
"../../../Engine/Plugins/Runtime/OpenXR/Content/Devices/MicrosoftMixedReality/Left/left_MicrosoftMixedRealityController.uasset" 796
"../../../Engine/Plugins/Runtime/OpenXR/Content/Devices/MicrosoftMixedReality/Left/left_MicrosoftMixedRealityController.uexp" 797
"../../../Engine/Plugins/Runtime/OpenXR/Content/Devices/MicrosoftMixedReality/Right/right_MicrosoftMixedRealityController.uasset" 798
"../../../Engine/Plugins/Runtime/OpenXR/Content/Devices/MicrosoftMixedReality/Right/right_MicrosoftMixedRealityController.uexp" 799
"../../../Engine/Plugins/Runtime/OpenXR/Content/Devices/OculusGo/BaseTexture.uasset" 800
"../../../Engine/Plugins/Runtime/OpenXR/Content/Devices/OculusGo/BaseTexture.uexp" 801
"../../../Engine/Plugins/Runtime/OpenXR/Content/Devices/OculusGo/BaseTexture.ubulk" 802
"../../../Engine/Plugins/Runtime/OpenXR/Content/Devices/OculusGo/MI_OculusGo.uasset" 803
"../../../Engine/Plugins/Runtime/OpenXR/Content/Devices/OculusGo/MI_OculusGo.uexp" 804
"../../../Engine/Plugins/Runtime/OpenXR/Content/Devices/OculusGo/OculusGoController.uasset" 805
"../../../Engine/Plugins/Runtime/OpenXR/Content/Devices/OculusGo/OculusGoController.uexp" 806
"../../../Engine/Plugins/Runtime/OpenXR/Content/Devices/OculusTouch/MRTexture.uasset" 807
"../../../Engine/Plugins/Runtime/OpenXR/Content/Devices/OculusTouch/MRTexture.uexp" 808
"../../../Engine/Plugins/Runtime/OpenXR/Content/Devices/OculusTouch/MRTexture.ubulk" 809
"../../../Engine/Plugins/Runtime/OpenXR/Content/Devices/OculusTouch/BaseTexture.uasset" 810
"../../../Engine/Plugins/Runtime/OpenXR/Content/Devices/OculusTouch/BaseTexture.uexp" 811
"../../../Engine/Plugins/Runtime/OpenXR/Content/Devices/OculusTouch/BaseTexture.ubulk" 812
"../../../Engine/Plugins/Runtime/OpenXR/Content/Devices/OculusTouch/MI_OculusTouch.uasset" 813
"../../../Engine/Plugins/Runtime/OpenXR/Content/Devices/OculusTouch/MI_OculusTouch.uexp" 814
"../../../Engine/Plugins/Runtime/OpenXR/Content/Devices/OculusTouch/Left/left_OculusTouchController.uasset" 815
"../../../Engine/Plugins/Runtime/OpenXR/Content/Devices/OculusTouch/Left/left_OculusTouchController.uexp" 816
"../../../Engine/Plugins/Runtime/OpenXR/Content/Devices/OculusTouch/Right/right_OculusTouchController.uasset" 817
"../../../Engine/Plugins/Runtime/OpenXR/Content/Devices/OculusTouch/Right/right_OculusTouchController.uexp" 818
"../../../Engine/Plugins/Runtime/OpenXR/Content/Devices/OculusTouch_v2/MRTexture.uasset" 819
"../../../Engine/Plugins/Runtime/OpenXR/Content/Devices/OculusTouch_v2/MRTexture.uexp" 820
"../../../Engine/Plugins/Runtime/OpenXR/Content/Devices/OculusTouch_v2/MRTexture.ubulk" 821
"../../../Engine/Plugins/Runtime/OpenXR/Content/Devices/OculusTouch_v2/BaseTexture.uasset" 822
"../../../Engine/Plugins/Runtime/OpenXR/Content/Devices/OculusTouch_v2/BaseTexture.uexp" 823
"../../../Engine/Plugins/Runtime/OpenXR/Content/Devices/OculusTouch_v2/BaseTexture.ubulk" 824
"../../../Engine/Plugins/Runtime/OpenXR/Content/Devices/OculusTouch_v2/MI_OculusTouch_v2.uasset" 825
"../../../Engine/Plugins/Runtime/OpenXR/Content/Devices/OculusTouch_v2/MI_OculusTouch_v2.uexp" 826
"../../../Engine/Plugins/Runtime/OpenXR/Content/Devices/OculusTouch_v2/Left/left_OculusTouch_v2Controller.uasset" 827
"../../../Engine/Plugins/Runtime/OpenXR/Content/Devices/OculusTouch_v2/Left/left_OculusTouch_v2Controller.uexp" 828
"../../../Engine/Plugins/Runtime/OpenXR/Content/Devices/OculusTouch_v2/Right/right_OculusTouch_v2Controller.uasset" 829
"../../../Engine/Plugins/Runtime/OpenXR/Content/Devices/OculusTouch_v2/Right/right_OculusTouch_v2Controller.uexp" 830
"../../../Engine/Plugins/Runtime/OpenXR/Content/Devices/OculusTouch_v3/MRTexture.uasset" 831
"../../../Engine/Plugins/Runtime/OpenXR/Content/Devices/OculusTouch_v3/MRTexture.uexp" 832
"../../../Engine/Plugins/Runtime/OpenXR/Content/Devices/OculusTouch_v3/MRTexture.ubulk" 833
"../../../Engine/Plugins/Runtime/OpenXR/Content/Devices/OculusTouch_v3/BaseTexture.uasset" 834
"../../../Engine/Plugins/Runtime/OpenXR/Content/Devices/OculusTouch_v3/BaseTexture.uexp" 835
"../../../Engine/Plugins/Runtime/OpenXR/Content/Devices/OculusTouch_v3/BaseTexture.ubulk" 836
"../../../Engine/Plugins/Runtime/OpenXR/Content/Devices/OculusTouch_v3/MI_OculusTouch_v3.uasset" 837
"../../../Engine/Plugins/Runtime/OpenXR/Content/Devices/OculusTouch_v3/MI_OculusTouch_v3.uexp" 838
"../../../Engine/Plugins/Runtime/OpenXR/Content/Devices/OculusTouch_v3/Left/left_OculusTouch_v3Controller.uasset" 839
"../../../Engine/Plugins/Runtime/OpenXR/Content/Devices/OculusTouch_v3/Left/left_OculusTouch_v3Controller.uexp" 840
"../../../Engine/Plugins/Runtime/OpenXR/Content/Devices/OculusTouch_v3/Right/right_OculusTouch_v3Controller.uasset" 841
"../../../Engine/Plugins/Runtime/OpenXR/Content/Devices/OculusTouch_v3/Right/right_OculusTouch_v3Controller.uexp" 842
"../../../Engine/Plugins/Runtime/OpenXR/Content/Devices/ValveIndex/MRTexture.uasset" 843
"../../../Engine/Plugins/Runtime/OpenXR/Content/Devices/ValveIndex/MRTexture.uexp" 844
"../../../Engine/Plugins/Runtime/OpenXR/Content/Devices/ValveIndex/MRTexture.ubulk" 845
"../../../Engine/Plugins/Runtime/OpenXR/Content/Devices/ValveIndex/BaseTexture.uasset" 846
"../../../Engine/Plugins/Runtime/OpenXR/Content/Devices/ValveIndex/BaseTexture.uexp" 847
"../../../Engine/Plugins/Runtime/OpenXR/Content/Devices/ValveIndex/BaseTexture.ubulk" 848
"../../../Engine/Plugins/Runtime/OpenXR/Content/Devices/ValveIndex/Left/MI_left_ValveIndex.uasset" 849
"../../../Engine/Plugins/Runtime/OpenXR/Content/Devices/ValveIndex/Left/MI_left_ValveIndex.uexp" 850
"../../../Engine/Plugins/Runtime/OpenXR/Content/Devices/ValveIndex/Left/left_ValveIndexController.uasset" 851
"../../../Engine/Plugins/Runtime/OpenXR/Content/Devices/ValveIndex/Left/left_ValveIndexController.uexp" 852
"../../../Engine/Plugins/Runtime/OpenXR/Content/Devices/ValveIndex/Right/MI_right_ValveIndex.uasset" 853
"../../../Engine/Plugins/Runtime/OpenXR/Content/Devices/ValveIndex/Right/MI_right_ValveIndex.uexp" 854
"../../../Engine/Plugins/Runtime/OpenXR/Content/Devices/ValveIndex/Right/right_ValveIndexController.uasset" 855
"../../../Engine/Plugins/Runtime/OpenXR/Content/Devices/ValveIndex/Right/right_ValveIndexController.uexp" 856
"../../../Engine/Content/Functions/Engine_MaterialFunctions02/Utility/BreakOutFloat4Components.uasset" 857
"../../../Engine/Content/Functions/Engine_MaterialFunctions02/Utility/BreakOutFloat4Components.uexp" 858
"../../../Engine/Content/Functions/Engine_MaterialFunctions02/Utility/MakeFloat3.uasset" 859
"../../../Engine/Content/Functions/Engine_MaterialFunctions02/Utility/MakeFloat3.uexp" 860
"../../../Engine/Plugins/Runtime/Oculus/OculusVR/Content/Materials/OculusMR_ChromaKey.uasset" 861
"../../../Engine/Plugins/Runtime/Oculus/OculusVR/Content/Materials/OculusMR_ChromaKey.uexp" 862
"../../../Engine/Plugins/Runtime/Oculus/OculusVR/Content/Materials/OculusMR_OpaqueColoredMaterial.uasset" 863
"../../../Engine/Plugins/Runtime/Oculus/OculusVR/Content/Materials/OculusMR_OpaqueColoredMaterial.uexp" 864
"../../../Engine/Plugins/Runtime/Oculus/OculusVR/Content/Materials/PokeAHoleMaterial.uasset" 865
"../../../Engine/Plugins/Runtime/Oculus/OculusVR/Content/Materials/PokeAHoleMaterial.uexp" 866
"../../../Engine/Plugins/Runtime/Oculus/OculusVR/Content/Textures/touchController_controlmap.uasset" 867
"../../../Engine/Plugins/Runtime/Oculus/OculusVR/Content/Textures/touchController_controlmap.uexp" 868
"../../../Engine/Plugins/Runtime/Oculus/OculusVR/Content/Textures/touchController_controlmap.ubulk" 869
"../../../Engine/Plugins/Runtime/Oculus/OculusVR/Content/Textures/touchController_albedo.uasset" 870
"../../../Engine/Plugins/Runtime/Oculus/OculusVR/Content/Textures/touchController_albedo.uexp" 871
"../../../Engine/Plugins/Runtime/Oculus/OculusVR/Content/Textures/touchController_albedo.ubulk" 872
"../../../Engine/Plugins/Runtime/Oculus/OculusVR/Content/Materials/touchController_mat.uasset" 873
"../../../Engine/Plugins/Runtime/Oculus/OculusVR/Content/Materials/touchController_mat.uexp" 874
"../../../Engine/Plugins/Runtime/Oculus/OculusVR/Content/Meshes/LeftTouchController.uasset" 875
"../../../Engine/Plugins/Runtime/Oculus/OculusVR/Content/Meshes/LeftTouchController.uexp" 876
"../../../Engine/Plugins/Runtime/Oculus/OculusVR/Content/Textures/TouchForQuestRiftSController_albedo.uasset" 877
"../../../Engine/Plugins/Runtime/Oculus/OculusVR/Content/Textures/TouchForQuestRiftSController_albedo.uexp" 878
"../../../Engine/Plugins/Runtime/Oculus/OculusVR/Content/Textures/TouchForQuestRiftSController_albedo.ubulk" 879
"../../../Engine/Plugins/Runtime/Oculus/OculusVR/Content/Materials/TouchForQuestRiftSControllerMaterial.uasset" 880
"../../../Engine/Plugins/Runtime/Oculus/OculusVR/Content/Materials/TouchForQuestRiftSControllerMaterial.uexp" 881
"../../../Engine/Plugins/Runtime/Oculus/OculusVR/Content/Meshes/LeftTouchForQuestRiftSController.uasset" 882
"../../../Engine/Plugins/Runtime/Oculus/OculusVR/Content/Meshes/LeftTouchForQuestRiftSController.uexp" 883
"../../../Engine/Plugins/Runtime/Oculus/OculusVR/Content/Meshes/RiftHMD.uasset" 884
"../../../Engine/Plugins/Runtime/Oculus/OculusVR/Content/Meshes/RiftHMD.uexp" 885
"../../../Engine/Plugins/Runtime/Oculus/OculusVR/Content/Meshes/RightTouchController.uasset" 886
"../../../Engine/Plugins/Runtime/Oculus/OculusVR/Content/Meshes/RightTouchController.uexp" 887
"../../../Engine/Plugins/Runtime/Oculus/OculusVR/Content/Meshes/RightTouchForQuestRiftSController.uasset" 888
"../../../Engine/Plugins/Runtime/Oculus/OculusVR/Content/Meshes/RightTouchForQuestRiftSController.uexp" 889
"C:/Users/Meyer/Desktop/Github/SuperstarMode/Superstar Mode/Content/Chunk_0/Maps/Map.uexp" 890
"C:/Users/Meyer/Desktop/Github/SuperstarMode/Superstar Mode/Content/Chunk_0/Maps/Map.umap" 891
"C:/Users/Meyer/Desktop/Github/SuperstarMode/Superstar Mode/Content/Mods/SuperstarMode/Content/UI/ConfirmDelete.uasset" 892
"C:/Users/Meyer/Desktop/Github/SuperstarMode/Superstar Mode/Content/Mods/SuperstarMode/Content/UI/ConfirmDelete.uexp" 893
"C:/Users/Meyer/Desktop/Github/SuperstarMode/Superstar Mode/Content/Mods/SuperstarMode/Content/UI/Images/A_3_7.uasset" 894
"C:/Users/Meyer/Desktop/Github/SuperstarMode/Superstar Mode/Content/Mods/SuperstarMode/Content/UI/Images/A_3_7.uexp" 895
"C:/Users/Meyer/Desktop/Github/SuperstarMode/Superstar Mode/Content/Mods/SuperstarMode/Content/UI/Images/A_3_6.uasset" 896
"C:/Users/Meyer/Desktop/Github/SuperstarMode/Superstar Mode/Content/Mods/SuperstarMode/Content/UI/Images/A_3_6.uexp" 897
"C:/Users/Meyer/Desktop/Github/SuperstarMode/Superstar Mode/Content/Mods/SuperstarMode/Content/UI/Images/A_3_5.uasset" 898
"C:/Users/Meyer/Desktop/Github/SuperstarMode/Superstar Mode/Content/Mods/SuperstarMode/Content/UI/Images/A_3_5.uexp" 899
"C:/Users/Meyer/Desktop/Github/SuperstarMode/Superstar Mode/Content/Mods/SuperstarMode/Content/UI/Images/A_3_4.uasset" 900
"C:/Users/Meyer/Desktop/Github/SuperstarMode/Superstar Mode/Content/Mods/SuperstarMode/Content/UI/Images/A_3_4.uexp" 901
"C:/Users/Meyer/Desktop/Github/SuperstarMode/Superstar Mode/Content/Mods/SuperstarMode/Content/UI/Images/A_3_3.uasset" 902
"C:/Users/Meyer/Desktop/Github/SuperstarMode/Superstar Mode/Content/Mods/SuperstarMode/Content/UI/Images/A_3_3.uexp" 903
"C:/Users/Meyer/Desktop/Github/SuperstarMode/Superstar Mode/Content/Mods/SuperstarMode/Content/UI/Images/A_3_2.uasset" 904
"C:/Users/Meyer/Desktop/Github/SuperstarMode/Superstar Mode/Content/Mods/SuperstarMode/Content/UI/Images/A_3_2.uexp" 905
"C:/Users/Meyer/Desktop/Github/SuperstarMode/Superstar Mode/Content/Mods/SuperstarMode/Content/UI/Images/A_3_1.uasset" 906
"C:/Users/Meyer/Desktop/Github/SuperstarMode/Superstar Mode/Content/Mods/SuperstarMode/Content/UI/Images/A_3_1.uexp" 907
"C:/Users/Meyer/Desktop/Github/SuperstarMode/Superstar Mode/Content/Mods/SuperstarMode/Content/UI/Achievements_3.uasset" 908
"C:/Users/Meyer/Desktop/Github/SuperstarMode/Superstar Mode/Content/Mods/SuperstarMode/Content/UI/Achievements_3.uexp" 909
"C:/Users/Meyer/Desktop/Github/SuperstarMode/Superstar Mode/Content/Mods/SuperstarMode/Content/UI/Images/A_2_2.uasset" 910
"C:/Users/Meyer/Desktop/Github/SuperstarMode/Superstar Mode/Content/Mods/SuperstarMode/Content/UI/Images/A_2_2.uexp" 911
"C:/Users/Meyer/Desktop/Github/SuperstarMode/Superstar Mode/Content/Mods/SuperstarMode/Content/UI/Images/A_2_1.uasset" 912
"C:/Users/Meyer/Desktop/Github/SuperstarMode/Superstar Mode/Content/Mods/SuperstarMode/Content/UI/Images/A_2_1.uexp" 913
"C:/Users/Meyer/Desktop/Github/SuperstarMode/Superstar Mode/Content/Mods/SuperstarMode/Content/UI/Achievements_2.uasset" 914
"C:/Users/Meyer/Desktop/Github/SuperstarMode/Superstar Mode/Content/Mods/SuperstarMode/Content/UI/Achievements_2.uexp" 915
"C:/Users/Meyer/Desktop/Github/SuperstarMode/Superstar Mode/Content/Mods/SuperstarMode/Content/UI/Images/A_1_7.uasset" 916
"C:/Users/Meyer/Desktop/Github/SuperstarMode/Superstar Mode/Content/Mods/SuperstarMode/Content/UI/Images/A_1_7.uexp" 917
"C:/Users/Meyer/Desktop/Github/SuperstarMode/Superstar Mode/Content/Mods/SuperstarMode/Content/UI/Images/A_1_6.uasset" 918
"C:/Users/Meyer/Desktop/Github/SuperstarMode/Superstar Mode/Content/Mods/SuperstarMode/Content/UI/Images/A_1_6.uexp" 919
"C:/Users/Meyer/Desktop/Github/SuperstarMode/Superstar Mode/Content/Mods/SuperstarMode/Content/UI/Images/A_1_5.uasset" 920
"C:/Users/Meyer/Desktop/Github/SuperstarMode/Superstar Mode/Content/Mods/SuperstarMode/Content/UI/Images/A_1_5.uexp" 921
"C:/Users/Meyer/Desktop/Github/SuperstarMode/Superstar Mode/Content/Mods/SuperstarMode/Content/UI/Images/A_1_4.uasset" 922
"C:/Users/Meyer/Desktop/Github/SuperstarMode/Superstar Mode/Content/Mods/SuperstarMode/Content/UI/Images/A_1_4.uexp" 923
"C:/Users/Meyer/Desktop/Github/SuperstarMode/Superstar Mode/Content/Mods/SuperstarMode/Content/UI/Images/A_1_3.uasset" 924
"C:/Users/Meyer/Desktop/Github/SuperstarMode/Superstar Mode/Content/Mods/SuperstarMode/Content/UI/Images/A_1_3.uexp" 925
"C:/Users/Meyer/Desktop/Github/SuperstarMode/Superstar Mode/Content/Mods/SuperstarMode/Content/UI/Images/A_1_2.uasset" 926
"C:/Users/Meyer/Desktop/Github/SuperstarMode/Superstar Mode/Content/Mods/SuperstarMode/Content/UI/Images/A_1_2.uexp" 927
"C:/Users/Meyer/Desktop/Github/SuperstarMode/Superstar Mode/Content/Mods/SuperstarMode/Content/UI/Images/A_1_1.uasset" 928
"C:/Users/Meyer/Desktop/Github/SuperstarMode/Superstar Mode/Content/Mods/SuperstarMode/Content/UI/Images/A_1_1.uexp" 929
"C:/Users/Meyer/Desktop/Github/SuperstarMode/Superstar Mode/Content/Mods/SuperstarMode/Content/UI/Achievements_1.uasset" 930
"C:/Users/Meyer/Desktop/Github/SuperstarMode/Superstar Mode/Content/Mods/SuperstarMode/Content/UI/Achievements_1.uexp" 931
"../../../Engine/Content/BasicShapes/Plane.uasset" 932
"../../../Engine/Content/BasicShapes/Plane.uexp" 933
"C:/Users/Meyer/Desktop/Github/SuperstarMode/Superstar Mode/Content/ShadingAssets/Materials/M_WhitePaint.uasset" 934
"C:/Users/Meyer/Desktop/Github/SuperstarMode/Superstar Mode/Content/ShadingAssets/Materials/M_WhitePaint.uexp" 935
"../../../Engine/Content/BasicShapes/BasicShapeMaterial.uasset" 936
"../../../Engine/Content/BasicShapes/BasicShapeMaterial.uexp" 937
"C:/Users/Meyer/Desktop/Github/SuperstarMode/Superstar Mode/Content/Blueprints/Button/BasicToggleButton.uasset" 938
"C:/Users/Meyer/Desktop/Github/SuperstarMode/Superstar Mode/Content/Blueprints/Button/BasicToggleButton.uexp" 939
"../../../Engine/Content/BasicShapes/Cube.uasset" 940
"../../../Engine/Content/BasicShapes/Cube.uexp" 941
"C:/Users/Meyer/Desktop/Github/SuperstarMode/Superstar Mode/Content/Mods/SuperstarMode/Content/Objects/Button.uasset" 942
"C:/Users/Meyer/Desktop/Github/SuperstarMode/Superstar Mode/Content/Mods/SuperstarMode/Content/Objects/Button.uexp" 943
"C:/Users/Meyer/Desktop/Github/SuperstarMode/Superstar Mode/Content/Mods/SuperstarMode/Content/Maps/Extras_BuiltData.uasset" 944
"C:/Users/Meyer/Desktop/Github/SuperstarMode/Superstar Mode/Content/Mods/SuperstarMode/Content/Maps/Extras_BuiltData.uexp" 945
"C:/Users/Meyer/Desktop/Github/SuperstarMode/Superstar Mode/Content/Mods/SuperstarMode/Content/Maps/Extras_BuiltData.ubulk" 946
"C:/Users/Meyer/Desktop/Github/SuperstarMode/Superstar Mode/Content/Mods/SuperstarMode/Content/Objects/SuperstarSave.uasset" 947
"C:/Users/Meyer/Desktop/Github/SuperstarMode/Superstar Mode/Content/Mods/SuperstarMode/Content/Objects/SuperstarSave.uexp" 948
"C:/Users/Meyer/Desktop/Github/SuperstarMode/Superstar Mode/Content/Mods/SuperstarMode/Content/Maps/Extras.uexp" 949
"C:/Users/Meyer/Desktop/Github/SuperstarMode/Superstar Mode/Content/Mods/SuperstarMode/Content/Maps/Extras.umap" 950
"../../../Engine/Content/Maps/Entry_BuiltData.uasset" 951
"../../../Engine/Content/Maps/Entry_BuiltData.uexp" 952
"../../../Engine/Content/Maps/Entry.uexp" 953
"../../../Engine/Content/Maps/Entry.umap" 954
